<?xml version="1.0" encoding="UTF-8"?>
<!-- Generated by org.testng.reporters.JUnitReportReporter -->
<testsuite hostname="DESKTOP-OM1I456" failures="0" tests="324" name="tests.RandomNumberGeneratorTests" time="689.610" errors="0" timestamp="2019-11-11T02:47:40 IST" skipped="0">
  <testcase classname="tests.RandomNumberGeneratorTests" name="RandomNumberGeneratorTest" time="3.759"/>
  <testcase classname="tests.RandomNumberGeneratorTests" name="RandomNumberGeneratorTest" time="1.892"/>
  <testcase classname="tests.RandomNumberGeneratorTests" name="RandomNumberGeneratorTest" time="1.743"/>
  <testcase classname="tests.RandomNumberGeneratorTests" name="RandomNumberGeneratorTest" time="3.410"/>
  <testcase classname="tests.RandomNumberGeneratorTests" name="RandomNumberGeneratorTest" time="1.650"/>
  <testcase classname="tests.RandomNumberGeneratorTests" name="RandomNumberGeneratorTest" time="1.538"/>
  <testcase classname="tests.RandomNumberGeneratorTests" name="RandomNumberGeneratorTest" time="1.558"/>
  <testcase classname="tests.RandomNumberGeneratorTests" name="RandomNumberGeneratorTest" time="1.161"/>
  <testcase classname="tests.RandomNumberGeneratorTests" name="RandomNumberGeneratorTest" time="2.766"/>
  <testcase classname="tests.RandomNumberGeneratorTests" name="RandomNumberGeneratorTest" time="2.087"/>
  <testcase classname="tests.RandomNumberGeneratorTests" name="RandomNumberGeneratorTest" time="3.164"/>
  <testcase classname="tests.RandomNumberGeneratorTests" name="RandomNumberGeneratorTest" time="2.090"/>
  <testcase classname="tests.RandomNumberGeneratorTests" name="RandomNumberGeneratorTest" time="2.880"/>
  <testcase classname="tests.RandomNumberGeneratorTests" name="RandomNumberGeneratorTest" time="3.349"/>
  <testcase classname="tests.RandomNumberGeneratorTests" name="RandomNumberGeneratorTest" time="2.529"/>
  <testcase classname="tests.RandomNumberGeneratorTests" name="RandomNumberGeneratorTest" time="2.086"/>
  <testcase classname="tests.RandomNumberGeneratorTests" name="RandomNumberGeneratorTest" time="2.519"/>
  <testcase classname="tests.RandomNumberGeneratorTests" name="RandomNumberGeneratorTest" time="1.544"/>
  <testcase classname="tests.RandomNumberGeneratorTests" name="RandomNumberGeneratorTest" time="1.642"/>
  <testcase classname="tests.RandomNumberGeneratorTests" name="RandomNumberGeneratorTest" time="2.147"/>
  <testcase classname="tests.RandomNumberGeneratorTests" name="RandomNumberGeneratorTest" time="2.528"/>
  <testcase classname="tests.RandomNumberGeneratorTests" name="RandomNumberGeneratorTest" time="3.251"/>
  <testcase classname="tests.RandomNumberGeneratorTests" name="RandomNumberGeneratorTest" time="1.644"/>
  <testcase classname="tests.RandomNumberGeneratorTests" name="RandomNumberGeneratorTest" time="1.595"/>
  <testcase classname="tests.RandomNumberGeneratorTests" name="RandomNumberGeneratorTest" time="2.527"/>
  <testcase classname="tests.RandomNumberGeneratorTests" name="RandomNumberGeneratorTest" time="2.072"/>
  <testcase classname="tests.RandomNumberGeneratorTests" name="RandomNumberGeneratorTest" time="1.701"/>
  <testcase classname="tests.RandomNumberGeneratorTests" name="RandomNumberGeneratorTest" time="2.076"/>
  <testcase classname="tests.RandomNumberGeneratorTests" name="RandomNumberGeneratorTest" time="1.591"/>
  <testcase classname="tests.RandomNumberGeneratorTests" name="RandomNumberGeneratorTest" time="1.939"/>
  <testcase classname="tests.RandomNumberGeneratorTests" name="RandomNumberGeneratorTest" time="2.227"/>
  <testcase classname="tests.RandomNumberGeneratorTests" name="RandomNumberGeneratorTest" time="1.631"/>
  <testcase classname="tests.RandomNumberGeneratorTests" name="RandomNumberGeneratorTest" time="3.221"/>
  <testcase classname="tests.RandomNumberGeneratorTests" name="RandomNumberGeneratorTest" time="2.503"/>
  <testcase classname="tests.RandomNumberGeneratorTests" name="RandomNumberGeneratorTest" time="1.923"/>
  <testcase classname="tests.RandomNumberGeneratorTests" name="RandomNumberGeneratorTest" time="2.635"/>
  <testcase classname="tests.RandomNumberGeneratorTests" name="RandomNumberGeneratorTest" time="2.466"/>
  <testcase classname="tests.RandomNumberGeneratorTests" name="RandomNumberGeneratorTest" time="3.099"/>
  <testcase classname="tests.RandomNumberGeneratorTests" name="RandomNumberGeneratorTest" time="2.983"/>
  <testcase classname="tests.RandomNumberGeneratorTests" name="RandomNumberGeneratorTest" time="2.076"/>
  <testcase classname="tests.RandomNumberGeneratorTests" name="RandomNumberGeneratorTest" time="2.098"/>
  <testcase classname="tests.RandomNumberGeneratorTests" name="RandomNumberGeneratorTest" time="1.945"/>
  <testcase classname="tests.RandomNumberGeneratorTests" name="RandomNumberGeneratorTest" time="1.924"/>
  <testcase classname="tests.RandomNumberGeneratorTests" name="RandomNumberGeneratorTest" time="1.706"/>
  <testcase classname="tests.RandomNumberGeneratorTests" name="RandomNumberGeneratorTest" time="1.899"/>
  <testcase classname="tests.RandomNumberGeneratorTests" name="RandomNumberGeneratorTest" time="1.965"/>
  <testcase classname="tests.RandomNumberGeneratorTests" name="RandomNumberGeneratorTest" time="2.984"/>
  <testcase classname="tests.RandomNumberGeneratorTests" name="RandomNumberGeneratorTest" time="2.020"/>
  <testcase classname="tests.RandomNumberGeneratorTests" name="RandomNumberGeneratorTest" time="1.752"/>
  <testcase classname="tests.RandomNumberGeneratorTests" name="RandomNumberGeneratorTest" time="1.343"/>
  <testcase classname="tests.RandomNumberGeneratorTests" name="RandomNumberGeneratorTest" time="2.075"/>
  <testcase classname="tests.RandomNumberGeneratorTests" name="RandomNumberGeneratorTest" time="1.970"/>
  <testcase classname="tests.RandomNumberGeneratorTests" name="RandomNumberGeneratorTest" time="3.674"/>
  <testcase classname="tests.RandomNumberGeneratorTests" name="RandomNumberGeneratorTest" time="2.238"/>
  <testcase classname="tests.RandomNumberGeneratorTests" name="RandomNumberGeneratorTest" time="2.570"/>
  <testcase classname="tests.RandomNumberGeneratorTests" name="RandomNumberGeneratorTest" time="2.002"/>
  <testcase classname="tests.RandomNumberGeneratorTests" name="RandomNumberGeneratorTest" time="2.531"/>
  <testcase classname="tests.RandomNumberGeneratorTests" name="RandomNumberGeneratorTest" time="1.460"/>
  <testcase classname="tests.RandomNumberGeneratorTests" name="RandomNumberGeneratorTest" time="1.149"/>
  <testcase classname="tests.RandomNumberGeneratorTests" name="RandomNumberGeneratorTest" time="2.009"/>
  <testcase classname="tests.RandomNumberGeneratorTests" name="RandomNumberGeneratorTest" time="1.565"/>
  <testcase classname="tests.RandomNumberGeneratorTests" name="RandomNumberGeneratorTest" time="1.638"/>
  <testcase classname="tests.RandomNumberGeneratorTests" name="RandomNumberGeneratorTest" time="1.327"/>
  <testcase classname="tests.RandomNumberGeneratorTests" name="RandomNumberGeneratorTest" time="1.597"/>
  <testcase classname="tests.RandomNumberGeneratorTests" name="RandomNumberGeneratorTest" time="2.085"/>
  <testcase classname="tests.RandomNumberGeneratorTests" name="RandomNumberGeneratorTest" time="3.401"/>
  <testcase classname="tests.RandomNumberGeneratorTests" name="RandomNumberGeneratorTest" time="1.678"/>
  <testcase classname="tests.RandomNumberGeneratorTests" name="RandomNumberGeneratorTest" time="1.753"/>
  <testcase classname="tests.RandomNumberGeneratorTests" name="RandomNumberGeneratorTest" time="3.595"/>
  <testcase classname="tests.RandomNumberGeneratorTests" name="RandomNumberGeneratorTest" time="3.239"/>
  <testcase classname="tests.RandomNumberGeneratorTests" name="RandomNumberGeneratorTest" time="2.002"/>
  <testcase classname="tests.RandomNumberGeneratorTests" name="RandomNumberGeneratorTest" time="1.237"/>
  <testcase classname="tests.RandomNumberGeneratorTests" name="RandomNumberGeneratorTest" time="1.865"/>
  <testcase classname="tests.RandomNumberGeneratorTests" name="RandomNumberGeneratorTest" time="1.643"/>
  <testcase classname="tests.RandomNumberGeneratorTests" name="RandomNumberGeneratorTest" time="2.009"/>
  <testcase classname="tests.RandomNumberGeneratorTests" name="RandomNumberGeneratorTest" time="1.805"/>
  <testcase classname="tests.RandomNumberGeneratorTests" name="RandomNumberGeneratorTest" time="1.316"/>
  <testcase classname="tests.RandomNumberGeneratorTests" name="RandomNumberGeneratorTest" time="2.139"/>
  <testcase classname="tests.RandomNumberGeneratorTests" name="RandomNumberGeneratorTest" time="1.937"/>
  <testcase classname="tests.RandomNumberGeneratorTests" name="RandomNumberGeneratorTest" time="1.500"/>
  <testcase classname="tests.RandomNumberGeneratorTests" name="RandomNumberGeneratorTest" time="2.390"/>
  <testcase classname="tests.RandomNumberGeneratorTests" name="RandomNumberGeneratorTest" time="2.763"/>
  <testcase classname="tests.RandomNumberGeneratorTests" name="RandomNumberGeneratorTest" time="1.400"/>
  <testcase classname="tests.RandomNumberGeneratorTests" name="RandomNumberGeneratorTest" time="1.992"/>
  <testcase classname="tests.RandomNumberGeneratorTests" name="RandomNumberGeneratorTest" time="1.985"/>
  <testcase classname="tests.RandomNumberGeneratorTests" name="RandomNumberGeneratorTest" time="1.922"/>
  <testcase classname="tests.RandomNumberGeneratorTests" name="RandomNumberGeneratorTest" time="2.108"/>
  <testcase classname="tests.RandomNumberGeneratorTests" name="RandomNumberGeneratorTest" time="3.318"/>
  <testcase classname="tests.RandomNumberGeneratorTests" name="RandomNumberGeneratorTest" time="1.730"/>
  <testcase classname="tests.RandomNumberGeneratorTests" name="RandomNumberGeneratorTest" time="1.570"/>
  <testcase classname="tests.RandomNumberGeneratorTests" name="RandomNumberGeneratorTest" time="1.515"/>
  <testcase classname="tests.RandomNumberGeneratorTests" name="RandomNumberGeneratorTest" time="1.182"/>
  <testcase classname="tests.RandomNumberGeneratorTests" name="RandomNumberGeneratorTest" time="1.535"/>
  <testcase classname="tests.RandomNumberGeneratorTests" name="RandomNumberGeneratorTest" time="1.752"/>
  <testcase classname="tests.RandomNumberGeneratorTests" name="RandomNumberGeneratorTest" time="1.958"/>
  <testcase classname="tests.RandomNumberGeneratorTests" name="RandomNumberGeneratorTest" time="1.274"/>
  <testcase classname="tests.RandomNumberGeneratorTests" name="RandomNumberGeneratorTest" time="1.279"/>
  <testcase classname="tests.RandomNumberGeneratorTests" name="RandomNumberGeneratorTest" time="1.576"/>
  <testcase classname="tests.RandomNumberGeneratorTests" name="RandomNumberGeneratorTest" time="2.496"/>
  <testcase classname="tests.RandomNumberGeneratorTests" name="RandomNumberGeneratorTest" time="2.099"/>
  <testcase classname="tests.RandomNumberGeneratorTests" name="RandomNumberGeneratorTest" time="1.830"/>
  <testcase classname="tests.RandomNumberGeneratorTests" name="RandomNumberGeneratorTest" time="1.677"/>
  <testcase classname="tests.RandomNumberGeneratorTests" name="RandomNumberGeneratorTest" time="2.980"/>
  <testcase classname="tests.RandomNumberGeneratorTests" name="RandomNumberGeneratorTest" time="1.845"/>
  <testcase classname="tests.RandomNumberGeneratorTests" name="RandomNumberGeneratorTest" time="1.711"/>
  <testcase classname="tests.RandomNumberGeneratorTests" name="RandomNumberGeneratorTest" time="1.938"/>
  <testcase classname="tests.RandomNumberGeneratorTests" name="RandomNumberGeneratorTest" time="2.094"/>
  <testcase classname="tests.RandomNumberGeneratorTests" name="RandomNumberGeneratorTest" time="1.949"/>
  <testcase classname="tests.RandomNumberGeneratorTests" name="RandomNumberGeneratorTest" time="1.856"/>
  <testcase classname="tests.RandomNumberGeneratorTests" name="RandomNumberGeneratorTest" time="1.916"/>
  <testcase classname="tests.RandomNumberGeneratorTests" name="RandomNumberGeneratorTest" time="1.796"/>
  <testcase classname="tests.RandomNumberGeneratorTests" name="RandomNumberGeneratorTest" time="2.111"/>
  <testcase classname="tests.RandomNumberGeneratorTests" name="RandomNumberGeneratorTest" time="1.710"/>
  <testcase classname="tests.RandomNumberGeneratorTests" name="RandomNumberGeneratorTest" time="3.455"/>
  <testcase classname="tests.RandomNumberGeneratorTests" name="RandomNumberGeneratorTest" time="2.353"/>
  <testcase classname="tests.RandomNumberGeneratorTests" name="RandomNumberGeneratorTest" time="1.494"/>
  <testcase classname="tests.RandomNumberGeneratorTests" name="RandomNumberGeneratorTest" time="2.203"/>
  <testcase classname="tests.RandomNumberGeneratorTests" name="RandomNumberGeneratorTest" time="1.723"/>
  <testcase classname="tests.RandomNumberGeneratorTests" name="RandomNumberGeneratorTest" time="1.614"/>
  <testcase classname="tests.RandomNumberGeneratorTests" name="RandomNumberGeneratorTest" time="2.594"/>
  <testcase classname="tests.RandomNumberGeneratorTests" name="RandomNumberGeneratorTest" time="1.631"/>
  <testcase classname="tests.RandomNumberGeneratorTests" name="RandomNumberGeneratorTest" time="2.740"/>
  <testcase classname="tests.RandomNumberGeneratorTests" name="RandomNumberGeneratorTest" time="2.114"/>
  <testcase classname="tests.RandomNumberGeneratorTests" name="RandomNumberGeneratorTest" time="2.864"/>
  <testcase classname="tests.RandomNumberGeneratorTests" name="RandomNumberGeneratorTest" time="2.045"/>
  <testcase classname="tests.RandomNumberGeneratorTests" name="RandomNumberGeneratorTest" time="2.932"/>
  <testcase classname="tests.RandomNumberGeneratorTests" name="RandomNumberGeneratorTest" time="1.803"/>
  <testcase classname="tests.RandomNumberGeneratorTests" name="RandomNumberGeneratorTest" time="2.013"/>
  <testcase classname="tests.RandomNumberGeneratorTests" name="RandomNumberGeneratorTest" time="2.915"/>
  <testcase classname="tests.RandomNumberGeneratorTests" name="RandomNumberGeneratorTest" time="2.669"/>
  <testcase classname="tests.RandomNumberGeneratorTests" name="RandomNumberGeneratorTest" time="1.533"/>
  <testcase classname="tests.RandomNumberGeneratorTests" name="RandomNumberGeneratorTest" time="1.189"/>
  <testcase classname="tests.RandomNumberGeneratorTests" name="RandomNumberGeneratorTest" time="3.592"/>
  <testcase classname="tests.RandomNumberGeneratorTests" name="RandomNumberGeneratorTest" time="2.280"/>
  <testcase classname="tests.RandomNumberGeneratorTests" name="RandomNumberGeneratorTest" time="1.922"/>
  <testcase classname="tests.RandomNumberGeneratorTests" name="RandomNumberGeneratorTest" time="1.586"/>
  <testcase classname="tests.RandomNumberGeneratorTests" name="RandomNumberGeneratorTest" time="1.739"/>
  <testcase classname="tests.RandomNumberGeneratorTests" name="RandomNumberGeneratorTest" time="1.483"/>
  <testcase classname="tests.RandomNumberGeneratorTests" name="RandomNumberGeneratorTest" time="2.285"/>
  <testcase classname="tests.RandomNumberGeneratorTests" name="RandomNumberGeneratorTest" time="1.577"/>
  <testcase classname="tests.RandomNumberGeneratorTests" name="RandomNumberGeneratorTest" time="2.180"/>
  <testcase classname="tests.RandomNumberGeneratorTests" name="RandomNumberGeneratorTest" time="1.634"/>
  <testcase classname="tests.RandomNumberGeneratorTests" name="RandomNumberGeneratorTest" time="3.124"/>
  <testcase classname="tests.RandomNumberGeneratorTests" name="RandomNumberGeneratorTest" time="1.709"/>
  <testcase classname="tests.RandomNumberGeneratorTests" name="RandomNumberGeneratorTest" time="2.239"/>
  <testcase classname="tests.RandomNumberGeneratorTests" name="RandomNumberGeneratorTest" time="1.368"/>
  <testcase classname="tests.RandomNumberGeneratorTests" name="RandomNumberGeneratorTest" time="2.249"/>
  <testcase classname="tests.RandomNumberGeneratorTests" name="RandomNumberGeneratorTest" time="2.776"/>
  <testcase classname="tests.RandomNumberGeneratorTests" name="RandomNumberGeneratorTest" time="2.561"/>
  <testcase classname="tests.RandomNumberGeneratorTests" name="RandomNumberGeneratorTest" time="1.419"/>
  <testcase classname="tests.RandomNumberGeneratorTests" name="RandomNumberGeneratorTest" time="1.688"/>
  <testcase classname="tests.RandomNumberGeneratorTests" name="RandomNumberGeneratorTest" time="2.814"/>
  <testcase classname="tests.RandomNumberGeneratorTests" name="RandomNumberGeneratorTest" time="2.678"/>
  <testcase classname="tests.RandomNumberGeneratorTests" name="RandomNumberGeneratorTest" time="2.724"/>
  <testcase classname="tests.RandomNumberGeneratorTests" name="RandomNumberGeneratorTest" time="3.134"/>
  <testcase classname="tests.RandomNumberGeneratorTests" name="RandomNumberGeneratorTest" time="3.972"/>
  <testcase classname="tests.RandomNumberGeneratorTests" name="RandomNumberGeneratorTest" time="1.494"/>
  <testcase classname="tests.RandomNumberGeneratorTests" name="RandomNumberGeneratorTest" time="2.136"/>
  <testcase classname="tests.RandomNumberGeneratorTests" name="RandomNumberGeneratorTest" time="1.197"/>
  <testcase classname="tests.RandomNumberGeneratorTests" name="RandomNumberGeneratorTest" time="1.943"/>
  <testcase classname="tests.RandomNumberGeneratorTests" name="RandomNumberGeneratorTest" time="3.139"/>
  <testcase classname="tests.RandomNumberGeneratorTests" name="RandomNumberGeneratorTest" time="1.740"/>
  <testcase classname="tests.RandomNumberGeneratorTests" name="RandomNumberGeneratorTest" time="2.920"/>
  <testcase classname="tests.RandomNumberGeneratorTests" name="RandomNumberGeneratorTest" time="1.604"/>
  <testcase classname="tests.RandomNumberGeneratorTests" name="RandomNumberGeneratorTest" time="1.424"/>
  <testcase classname="tests.RandomNumberGeneratorTests" name="RandomNumberGeneratorTest" time="2.864"/>
  <testcase classname="tests.RandomNumberGeneratorTests" name="RandomNumberGeneratorTest" time="2.265"/>
  <testcase classname="tests.RandomNumberGeneratorTests" name="RandomNumberGeneratorTest" time="1.754"/>
  <testcase classname="tests.RandomNumberGeneratorTests" name="RandomNumberGeneratorTest" time="1.890"/>
  <testcase classname="tests.RandomNumberGeneratorTests" name="RandomNumberGeneratorTest" time="1.568"/>
  <testcase classname="tests.RandomNumberGeneratorTests" name="RandomNumberGeneratorTest" time="3.461"/>
  <testcase classname="tests.RandomNumberGeneratorTests" name="RandomNumberGeneratorTest" time="1.621"/>
  <testcase classname="tests.RandomNumberGeneratorTests" name="RandomNumberGeneratorTest" time="1.975"/>
  <testcase classname="tests.RandomNumberGeneratorTests" name="RandomNumberGeneratorTest" time="1.731"/>
  <testcase classname="tests.RandomNumberGeneratorTests" name="RandomNumberGeneratorTest" time="2.002"/>
  <testcase classname="tests.RandomNumberGeneratorTests" name="RandomNumberGeneratorTest" time="2.473"/>
  <testcase classname="tests.RandomNumberGeneratorTests" name="RandomNumberGeneratorTest" time="1.242"/>
  <testcase classname="tests.RandomNumberGeneratorTests" name="RandomNumberGeneratorTest" time="1.565"/>
  <testcase classname="tests.RandomNumberGeneratorTests" name="RandomNumberGeneratorTest" time="1.900"/>
  <testcase classname="tests.RandomNumberGeneratorTests" name="RandomNumberGeneratorTest" time="1.543"/>
  <testcase classname="tests.RandomNumberGeneratorTests" name="RandomNumberGeneratorTest" time="2.238"/>
  <testcase classname="tests.RandomNumberGeneratorTests" name="RandomNumberGeneratorTest" time="2.102"/>
  <testcase classname="tests.RandomNumberGeneratorTests" name="RandomNumberGeneratorTest" time="1.963"/>
  <testcase classname="tests.RandomNumberGeneratorTests" name="RandomNumberGeneratorTest" time="2.064"/>
  <testcase classname="tests.RandomNumberGeneratorTests" name="RandomNumberGeneratorTest" time="1.692"/>
  <testcase classname="tests.RandomNumberGeneratorTests" name="RandomNumberGeneratorTest" time="1.861"/>
  <testcase classname="tests.RandomNumberGeneratorTests" name="RandomNumberGeneratorTest" time="2.887"/>
  <testcase classname="tests.RandomNumberGeneratorTests" name="RandomNumberGeneratorTest" time="2.018"/>
  <testcase classname="tests.RandomNumberGeneratorTests" name="RandomNumberGeneratorTest" time="1.637"/>
  <testcase classname="tests.RandomNumberGeneratorTests" name="RandomNumberGeneratorTest" time="1.892"/>
  <testcase classname="tests.RandomNumberGeneratorTests" name="RandomNumberGeneratorTest" time="1.963"/>
  <testcase classname="tests.RandomNumberGeneratorTests" name="RandomNumberGeneratorTest" time="2.098"/>
  <testcase classname="tests.RandomNumberGeneratorTests" name="RandomNumberGeneratorTest" time="3.511"/>
  <testcase classname="tests.RandomNumberGeneratorTests" name="RandomNumberGeneratorTest" time="1.662"/>
  <testcase classname="tests.RandomNumberGeneratorTests" name="RandomNumberGeneratorTest" time="1.741"/>
  <testcase classname="tests.RandomNumberGeneratorTests" name="RandomNumberGeneratorTest" time="1.975"/>
  <testcase classname="tests.RandomNumberGeneratorTests" name="RandomNumberGeneratorTest" time="2.645"/>
  <testcase classname="tests.RandomNumberGeneratorTests" name="RandomNumberGeneratorTest" time="2.369"/>
  <testcase classname="tests.RandomNumberGeneratorTests" name="RandomNumberGeneratorTest" time="2.273"/>
  <testcase classname="tests.RandomNumberGeneratorTests" name="RandomNumberGeneratorTest" time="1.160"/>
  <testcase classname="tests.RandomNumberGeneratorTests" name="RandomNumberGeneratorTest" time="3.793"/>
  <testcase classname="tests.RandomNumberGeneratorTests" name="RandomNumberGeneratorTest" time="1.229"/>
  <testcase classname="tests.RandomNumberGeneratorTests" name="RandomNumberGeneratorTest" time="3.629"/>
  <testcase classname="tests.RandomNumberGeneratorTests" name="RandomNumberGeneratorTest" time="1.580"/>
  <testcase classname="tests.RandomNumberGeneratorTests" name="RandomNumberGeneratorTest" time="1.723"/>
  <testcase classname="tests.RandomNumberGeneratorTests" name="RandomNumberGeneratorTest" time="2.116"/>
  <testcase classname="tests.RandomNumberGeneratorTests" name="RandomNumberGeneratorTest" time="1.733"/>
  <testcase classname="tests.RandomNumberGeneratorTests" name="RandomNumberGeneratorTest" time="1.791"/>
  <testcase classname="tests.RandomNumberGeneratorTests" name="RandomNumberGeneratorTest" time="1.958"/>
  <testcase classname="tests.RandomNumberGeneratorTests" name="RandomNumberGeneratorTest" time="1.594"/>
  <testcase classname="tests.RandomNumberGeneratorTests" name="RandomNumberGeneratorTest" time="1.711"/>
  <testcase classname="tests.RandomNumberGeneratorTests" name="RandomNumberGeneratorTest" time="3.304"/>
  <testcase classname="tests.RandomNumberGeneratorTests" name="RandomNumberGeneratorTest" time="1.278"/>
  <testcase classname="tests.RandomNumberGeneratorTests" name="RandomNumberGeneratorTest" time="3.432"/>
  <testcase classname="tests.RandomNumberGeneratorTests" name="RandomNumberGeneratorTest" time="2.077"/>
  <testcase classname="tests.RandomNumberGeneratorTests" name="RandomNumberGeneratorTest" time="3.229"/>
  <testcase classname="tests.RandomNumberGeneratorTests" name="RandomNumberGeneratorTest" time="2.897"/>
  <testcase classname="tests.RandomNumberGeneratorTests" name="RandomNumberGeneratorTest" time="1.767"/>
  <testcase classname="tests.RandomNumberGeneratorTests" name="RandomNumberGeneratorTest" time="3.320"/>
  <testcase classname="tests.RandomNumberGeneratorTests" name="RandomNumberGeneratorTest" time="2.759"/>
  <testcase classname="tests.RandomNumberGeneratorTests" name="RandomNumberGeneratorTest" time="2.005"/>
  <testcase classname="tests.RandomNumberGeneratorTests" name="RandomNumberGeneratorTest" time="1.955"/>
  <testcase classname="tests.RandomNumberGeneratorTests" name="RandomNumberGeneratorTest" time="1.596"/>
  <testcase classname="tests.RandomNumberGeneratorTests" name="RandomNumberGeneratorTest" time="1.701"/>
  <testcase classname="tests.RandomNumberGeneratorTests" name="RandomNumberGeneratorTest" time="1.721"/>
  <testcase classname="tests.RandomNumberGeneratorTests" name="RandomNumberGeneratorTest" time="2.234"/>
  <testcase classname="tests.RandomNumberGeneratorTests" name="RandomNumberGeneratorTest" time="1.884"/>
  <testcase classname="tests.RandomNumberGeneratorTests" name="RandomNumberGeneratorTest" time="1.481"/>
  <testcase classname="tests.RandomNumberGeneratorTests" name="RandomNumberGeneratorTest" time="2.483"/>
  <testcase classname="tests.RandomNumberGeneratorTests" name="RandomNumberGeneratorTest" time="1.484"/>
  <testcase classname="tests.RandomNumberGeneratorTests" name="RandomNumberGeneratorTest" time="2.567"/>
  <testcase classname="tests.RandomNumberGeneratorTests" name="RandomNumberGeneratorTest" time="2.498"/>
  <testcase classname="tests.RandomNumberGeneratorTests" name="RandomNumberGeneratorTest" time="1.632"/>
  <testcase classname="tests.RandomNumberGeneratorTests" name="RandomNumberGeneratorTest" time="2.108"/>
  <testcase classname="tests.RandomNumberGeneratorTests" name="RandomNumberGeneratorTest" time="2.129"/>
  <testcase classname="tests.RandomNumberGeneratorTests" name="RandomNumberGeneratorTest" time="1.978"/>
  <testcase classname="tests.RandomNumberGeneratorTests" name="RandomNumberGeneratorTest" time="2.617"/>
  <testcase classname="tests.RandomNumberGeneratorTests" name="RandomNumberGeneratorTest" time="2.318"/>
  <testcase classname="tests.RandomNumberGeneratorTests" name="RandomNumberGeneratorTest" time="2.068"/>
  <testcase classname="tests.RandomNumberGeneratorTests" name="RandomNumberGeneratorTest" time="3.263"/>
  <testcase classname="tests.RandomNumberGeneratorTests" name="RandomNumberGeneratorTest" time="3.063"/>
  <testcase classname="tests.RandomNumberGeneratorTests" name="RandomNumberGeneratorTest" time="1.265"/>
  <testcase classname="tests.RandomNumberGeneratorTests" name="RandomNumberGeneratorTest" time="1.612"/>
  <testcase classname="tests.RandomNumberGeneratorTests" name="RandomNumberGeneratorTest" time="2.112"/>
  <testcase classname="tests.RandomNumberGeneratorTests" name="RandomNumberGeneratorTest" time="1.818"/>
  <testcase classname="tests.RandomNumberGeneratorTests" name="RandomNumberGeneratorTest" time="1.889"/>
  <testcase classname="tests.RandomNumberGeneratorTests" name="RandomNumberGeneratorTest" time="1.711"/>
  <testcase classname="tests.RandomNumberGeneratorTests" name="RandomNumberGeneratorTest" time="1.719"/>
  <testcase classname="tests.RandomNumberGeneratorTests" name="RandomNumberGeneratorTest" time="1.992"/>
  <testcase classname="tests.RandomNumberGeneratorTests" name="RandomNumberGeneratorTest" time="2.797"/>
  <testcase classname="tests.RandomNumberGeneratorTests" name="RandomNumberGeneratorTest" time="1.764"/>
  <testcase classname="tests.RandomNumberGeneratorTests" name="RandomNumberGeneratorTest" time="1.948"/>
  <testcase classname="tests.RandomNumberGeneratorTests" name="RandomNumberGeneratorTest" time="2.151"/>
  <testcase classname="tests.RandomNumberGeneratorTests" name="RandomNumberGeneratorTest" time="1.965"/>
  <testcase classname="tests.RandomNumberGeneratorTests" name="RandomNumberGeneratorTest" time="3.489"/>
  <testcase classname="tests.RandomNumberGeneratorTests" name="RandomNumberGeneratorTest" time="3.016"/>
  <testcase classname="tests.RandomNumberGeneratorTests" name="RandomNumberGeneratorTest" time="2.034"/>
  <testcase classname="tests.RandomNumberGeneratorTests" name="RandomNumberGeneratorTest" time="2.525"/>
  <testcase classname="tests.RandomNumberGeneratorTests" name="RandomNumberGeneratorTest" time="1.536"/>
  <testcase classname="tests.RandomNumberGeneratorTests" name="RandomNumberGeneratorTest" time="1.642"/>
  <testcase classname="tests.RandomNumberGeneratorTests" name="RandomNumberGeneratorTest" time="2.655"/>
  <testcase classname="tests.RandomNumberGeneratorTests" name="RandomNumberGeneratorTest" time="2.224"/>
  <testcase classname="tests.RandomNumberGeneratorTests" name="RandomNumberGeneratorTest" time="2.509"/>
  <testcase classname="tests.RandomNumberGeneratorTests" name="RandomNumberGeneratorTest" time="2.388"/>
  <testcase classname="tests.RandomNumberGeneratorTests" name="RandomNumberGeneratorTest" time="1.967"/>
  <testcase classname="tests.RandomNumberGeneratorTests" name="RandomNumberGeneratorTest" time="1.668"/>
  <testcase classname="tests.RandomNumberGeneratorTests" name="RandomNumberGeneratorTest" time="1.742"/>
  <testcase classname="tests.RandomNumberGeneratorTests" name="RandomNumberGeneratorTest" time="2.333"/>
  <testcase classname="tests.RandomNumberGeneratorTests" name="RandomNumberGeneratorTest" time="2.123"/>
  <testcase classname="tests.RandomNumberGeneratorTests" name="RandomNumberGeneratorTest" time="2.327"/>
  <testcase classname="tests.RandomNumberGeneratorTests" name="RandomNumberGeneratorTest" time="2.532"/>
  <testcase classname="tests.RandomNumberGeneratorTests" name="RandomNumberGeneratorTest" time="2.088"/>
  <testcase classname="tests.RandomNumberGeneratorTests" name="RandomNumberGeneratorTest" time="1.987"/>
  <testcase classname="tests.RandomNumberGeneratorTests" name="RandomNumberGeneratorTest" time="1.576"/>
  <testcase classname="tests.RandomNumberGeneratorTests" name="RandomNumberGeneratorTest" time="1.669"/>
  <testcase classname="tests.RandomNumberGeneratorTests" name="RandomNumberGeneratorTest" time="3.437"/>
  <testcase classname="tests.RandomNumberGeneratorTests" name="RandomNumberGeneratorTest" time="2.242"/>
  <testcase classname="tests.RandomNumberGeneratorTests" name="RandomNumberGeneratorTest" time="2.736"/>
  <testcase classname="tests.RandomNumberGeneratorTests" name="RandomNumberGeneratorTest" time="2.160"/>
  <testcase classname="tests.RandomNumberGeneratorTests" name="RandomNumberGeneratorTest" time="2.207"/>
  <testcase classname="tests.RandomNumberGeneratorTests" name="RandomNumberGeneratorTest" time="1.780"/>
  <testcase classname="tests.RandomNumberGeneratorTests" name="RandomNumberGeneratorTest" time="1.596"/>
  <testcase classname="tests.RandomNumberGeneratorTests" name="RandomNumberGeneratorTest" time="1.791"/>
  <testcase classname="tests.RandomNumberGeneratorTests" name="RandomNumberGeneratorTest" time="2.026"/>
  <testcase classname="tests.RandomNumberGeneratorTests" name="RandomNumberGeneratorTest" time="3.189"/>
  <testcase classname="tests.RandomNumberGeneratorTests" name="RandomNumberGeneratorTest" time="2.013"/>
  <testcase classname="tests.RandomNumberGeneratorTests" name="RandomNumberGeneratorTest" time="2.113"/>
  <testcase classname="tests.RandomNumberGeneratorTests" name="RandomNumberGeneratorTest" time="2.837"/>
  <testcase classname="tests.RandomNumberGeneratorTests" name="RandomNumberGeneratorTest" time="2.203"/>
  <testcase classname="tests.RandomNumberGeneratorTests" name="RandomNumberGeneratorTest" time="1.558"/>
  <testcase classname="tests.RandomNumberGeneratorTests" name="RandomNumberGeneratorTest" time="1.989"/>
  <testcase classname="tests.RandomNumberGeneratorTests" name="RandomNumberGeneratorTest" time="3.240"/>
  <testcase classname="tests.RandomNumberGeneratorTests" name="RandomNumberGeneratorTest" time="1.235"/>
  <testcase classname="tests.RandomNumberGeneratorTests" name="RandomNumberGeneratorTest" time="1.759"/>
  <testcase classname="tests.RandomNumberGeneratorTests" name="RandomNumberGeneratorTest" time="2.526"/>
  <testcase classname="tests.RandomNumberGeneratorTests" name="RandomNumberGeneratorTest" time="3.056"/>
  <testcase classname="tests.RandomNumberGeneratorTests" name="RandomNumberGeneratorTest" time="3.042"/>
  <testcase classname="tests.RandomNumberGeneratorTests" name="RandomNumberGeneratorTest" time="1.894"/>
  <testcase classname="tests.RandomNumberGeneratorTests" name="RandomNumberGeneratorTest" time="1.854"/>
  <testcase classname="tests.RandomNumberGeneratorTests" name="RandomNumberGeneratorTest" time="1.201"/>
  <testcase classname="tests.RandomNumberGeneratorTests" name="RandomNumberGeneratorTest" time="1.994"/>
  <testcase classname="tests.RandomNumberGeneratorTests" name="RandomNumberGeneratorTest" time="1.343"/>
  <testcase classname="tests.RandomNumberGeneratorTests" name="RandomNumberGeneratorTest" time="1.705"/>
  <testcase classname="tests.RandomNumberGeneratorTests" name="RandomNumberGeneratorTest" time="2.662"/>
  <testcase classname="tests.RandomNumberGeneratorTests" name="RandomNumberGeneratorTest" time="1.725"/>
  <testcase classname="tests.RandomNumberGeneratorTests" name="RandomNumberGeneratorTest" time="1.689"/>
  <testcase classname="tests.RandomNumberGeneratorTests" name="RandomNumberGeneratorTest" time="1.564"/>
  <testcase classname="tests.RandomNumberGeneratorTests" name="RandomNumberGeneratorTest" time="1.469"/>
  <testcase classname="tests.RandomNumberGeneratorTests" name="RandomNumberGeneratorTest" time="2.778"/>
  <testcase classname="tests.RandomNumberGeneratorTests" name="RandomNumberGeneratorTest" time="1.663"/>
  <testcase classname="tests.RandomNumberGeneratorTests" name="RandomNumberGeneratorTest" time="1.749"/>
  <testcase classname="tests.RandomNumberGeneratorTests" name="RandomNumberGeneratorTest" time="2.943"/>
  <testcase classname="tests.RandomNumberGeneratorTests" name="RandomNumberGeneratorTest" time="1.546"/>
  <testcase classname="tests.RandomNumberGeneratorTests" name="RandomNumberGeneratorTest" time="2.374"/>
  <testcase classname="tests.RandomNumberGeneratorTests" name="RandomNumberGeneratorTest" time="2.095"/>
  <testcase classname="tests.RandomNumberGeneratorTests" name="RandomNumberGeneratorTest" time="1.572"/>
  <testcase classname="tests.RandomNumberGeneratorTests" name="RandomNumberGeneratorTest" time="3.199"/>
  <testcase classname="tests.RandomNumberGeneratorTests" name="RandomNumberGeneratorTest" time="3.040"/>
  <testcase classname="tests.RandomNumberGeneratorTests" name="RandomNumberGeneratorTest" time="1.842"/>
  <testcase classname="tests.RandomNumberGeneratorTests" name="RandomNumberGeneratorTest" time="1.736"/>
  <testcase classname="tests.RandomNumberGeneratorTests" name="RandomNumberGeneratorTest" time="1.919"/>
  <testcase classname="tests.RandomNumberGeneratorTests" name="RandomNumberGeneratorTest" time="2.068"/>
  <testcase classname="tests.RandomNumberGeneratorTests" name="RandomNumberGeneratorTest" time="3.526"/>
  <testcase classname="tests.RandomNumberGeneratorTests" name="RandomNumberGeneratorTest" time="2.324"/>
</testsuite> <!-- tests.RandomNumberGeneratorTests -->
