<?xml version="1.0" encoding="UTF-8"?>
<!-- Generated by org.testng.reporters.JUnitReportReporter -->
<testsuite hostname="DESKTOP-OM1I456" failures="0" tests="11" name="tests.DateDifferenceTests" time="28.550" errors="0" timestamp="2019-11-02T18:23:44 IST" skipped="0">
  <testcase classname="tests.DateDifferenceTests" name="DateDifferenceHardCodedEdgeCasesDataTest" time="2.301"/>
  <testcase classname="tests.DateDifferenceTests" name="DateDifferenceHardCodedEdgeCasesDataTest" time="2.570"/>
  <testcase classname="tests.DateDifferenceTests" name="DateDifferenceHardCodedSanityTest" time="0.896"/>
  <testcase classname="tests.DateDifferenceTests" name="DateDifferenceHardCodedEdgeCasesDataTest" time="2.374"/>
  <testcase classname="tests.DateDifferenceTests" name="DateDifferenceHardCodedEdgeCasesDataTest" time="2.644"/>
  <testcase classname="tests.DateDifferenceTests" name="DateDifferenceHardCodedEdgeCasesDataTest" time="4.087"/>
  <testcase classname="tests.DateDifferenceTests" name="DateDifferenceHardCodedEdgeCasesDataTest" time="3.253"/>
  <testcase classname="tests.DateDifferenceTests" name="DateDifferenceHardCodedEdgeCasesDataTest" time="2.302"/>
  <testcase classname="tests.DateDifferenceTests" name="DateDifferenceHardCodedSanityTest" time="2.876"/>
  <testcase classname="tests.DateDifferenceTests" name="DateDifferenceHardCodedSanityTest" time="2.310"/>
  <testcase classname="tests.DateDifferenceTests" name="DateDifferenceHardCodedEdgeCasesDataTest" time="2.937"/>
</testsuite> <!-- tests.DateDifferenceTests -->
