<?xml version="1.0" encoding="UTF-8"?>
<!-- Generated by org.testng.reporters.JUnitReportReporter -->
<testsuite hostname="DESKTOP-OM1I456" failures="0" tests="324" name="tests.RandomNumberGeneratorTests" time="742.032" errors="0" timestamp="2019-10-28T22:16:27 IST" skipped="0">
  <testcase classname="tests.RandomNumberGeneratorTests" name="RandomNumberGeneratorTest" time="2.114"/>
  <testcase classname="tests.RandomNumberGeneratorTests" name="RandomNumberGeneratorTest" time="3.770"/>
  <testcase classname="tests.RandomNumberGeneratorTests" name="RandomNumberGeneratorTest" time="1.549"/>
  <testcase classname="tests.RandomNumberGeneratorTests" name="RandomNumberGeneratorTest" time="2.154"/>
  <testcase classname="tests.RandomNumberGeneratorTests" name="RandomNumberGeneratorTest" time="2.257"/>
  <testcase classname="tests.RandomNumberGeneratorTests" name="RandomNumberGeneratorTest" time="3.379"/>
  <testcase classname="tests.RandomNumberGeneratorTests" name="RandomNumberGeneratorTest" time="1.845"/>
  <testcase classname="tests.RandomNumberGeneratorTests" name="RandomNumberGeneratorTest" time="2.009"/>
  <testcase classname="tests.RandomNumberGeneratorTests" name="RandomNumberGeneratorTest" time="3.434"/>
  <testcase classname="tests.RandomNumberGeneratorTests" name="RandomNumberGeneratorTest" time="1.854"/>
  <testcase classname="tests.RandomNumberGeneratorTests" name="RandomNumberGeneratorTest" time="2.788"/>
  <testcase classname="tests.RandomNumberGeneratorTests" name="RandomNumberGeneratorTest" time="2.022"/>
  <testcase classname="tests.RandomNumberGeneratorTests" name="RandomNumberGeneratorTest" time="1.899"/>
  <testcase classname="tests.RandomNumberGeneratorTests" name="RandomNumberGeneratorTest" time="3.820"/>
  <testcase classname="tests.RandomNumberGeneratorTests" name="RandomNumberGeneratorTest" time="1.615"/>
  <testcase classname="tests.RandomNumberGeneratorTests" name="RandomNumberGeneratorTest" time="2.158"/>
  <testcase classname="tests.RandomNumberGeneratorTests" name="RandomNumberGeneratorTest" time="2.585"/>
  <testcase classname="tests.RandomNumberGeneratorTests" name="RandomNumberGeneratorTest" time="1.966"/>
  <testcase classname="tests.RandomNumberGeneratorTests" name="RandomNumberGeneratorTest" time="2.803"/>
  <testcase classname="tests.RandomNumberGeneratorTests" name="RandomNumberGeneratorTest" time="1.756"/>
  <testcase classname="tests.RandomNumberGeneratorTests" name="RandomNumberGeneratorTest" time="1.866"/>
  <testcase classname="tests.RandomNumberGeneratorTests" name="RandomNumberGeneratorTest" time="2.160"/>
  <testcase classname="tests.RandomNumberGeneratorTests" name="RandomNumberGeneratorTest" time="1.927"/>
  <testcase classname="tests.RandomNumberGeneratorTests" name="RandomNumberGeneratorTest" time="2.789"/>
  <testcase classname="tests.RandomNumberGeneratorTests" name="RandomNumberGeneratorTest" time="2.418"/>
  <testcase classname="tests.RandomNumberGeneratorTests" name="RandomNumberGeneratorTest" time="1.921"/>
  <testcase classname="tests.RandomNumberGeneratorTests" name="RandomNumberGeneratorTest" time="2.327"/>
  <testcase classname="tests.RandomNumberGeneratorTests" name="RandomNumberGeneratorTest" time="1.676"/>
  <testcase classname="tests.RandomNumberGeneratorTests" name="RandomNumberGeneratorTest" time="1.786"/>
  <testcase classname="tests.RandomNumberGeneratorTests" name="RandomNumberGeneratorTest" time="1.887"/>
  <testcase classname="tests.RandomNumberGeneratorTests" name="RandomNumberGeneratorTest" time="2.538"/>
  <testcase classname="tests.RandomNumberGeneratorTests" name="RandomNumberGeneratorTest" time="3.092"/>
  <testcase classname="tests.RandomNumberGeneratorTests" name="RandomNumberGeneratorTest" time="2.176"/>
  <testcase classname="tests.RandomNumberGeneratorTests" name="RandomNumberGeneratorTest" time="1.902"/>
  <testcase classname="tests.RandomNumberGeneratorTests" name="RandomNumberGeneratorTest" time="1.813"/>
  <testcase classname="tests.RandomNumberGeneratorTests" name="RandomNumberGeneratorTest" time="1.917"/>
  <testcase classname="tests.RandomNumberGeneratorTests" name="RandomNumberGeneratorTest" time="1.758"/>
  <testcase classname="tests.RandomNumberGeneratorTests" name="RandomNumberGeneratorTest" time="3.377"/>
  <testcase classname="tests.RandomNumberGeneratorTests" name="RandomNumberGeneratorTest" time="2.687"/>
  <testcase classname="tests.RandomNumberGeneratorTests" name="RandomNumberGeneratorTest" time="1.704"/>
  <testcase classname="tests.RandomNumberGeneratorTests" name="RandomNumberGeneratorTest" time="3.345"/>
  <testcase classname="tests.RandomNumberGeneratorTests" name="RandomNumberGeneratorTest" time="2.644"/>
  <testcase classname="tests.RandomNumberGeneratorTests" name="RandomNumberGeneratorTest" time="2.148"/>
  <testcase classname="tests.RandomNumberGeneratorTests" name="RandomNumberGeneratorTest" time="1.895"/>
  <testcase classname="tests.RandomNumberGeneratorTests" name="RandomNumberGeneratorTest" time="1.741"/>
  <testcase classname="tests.RandomNumberGeneratorTests" name="RandomNumberGeneratorTest" time="1.858"/>
  <testcase classname="tests.RandomNumberGeneratorTests" name="RandomNumberGeneratorTest" time="3.302"/>
  <testcase classname="tests.RandomNumberGeneratorTests" name="RandomNumberGeneratorTest" time="1.634"/>
  <testcase classname="tests.RandomNumberGeneratorTests" name="RandomNumberGeneratorTest" time="1.948"/>
  <testcase classname="tests.RandomNumberGeneratorTests" name="RandomNumberGeneratorTest" time="2.888"/>
  <testcase classname="tests.RandomNumberGeneratorTests" name="RandomNumberGeneratorTest" time="1.617"/>
  <testcase classname="tests.RandomNumberGeneratorTests" name="RandomNumberGeneratorTest" time="2.033"/>
  <testcase classname="tests.RandomNumberGeneratorTests" name="RandomNumberGeneratorTest" time="3.840"/>
  <testcase classname="tests.RandomNumberGeneratorTests" name="RandomNumberGeneratorTest" time="2.200"/>
  <testcase classname="tests.RandomNumberGeneratorTests" name="RandomNumberGeneratorTest" time="1.495"/>
  <testcase classname="tests.RandomNumberGeneratorTests" name="RandomNumberGeneratorTest" time="1.785"/>
  <testcase classname="tests.RandomNumberGeneratorTests" name="RandomNumberGeneratorTest" time="2.245"/>
  <testcase classname="tests.RandomNumberGeneratorTests" name="RandomNumberGeneratorTest" time="2.168"/>
  <testcase classname="tests.RandomNumberGeneratorTests" name="RandomNumberGeneratorTest" time="2.036"/>
  <testcase classname="tests.RandomNumberGeneratorTests" name="RandomNumberGeneratorTest" time="2.763"/>
  <testcase classname="tests.RandomNumberGeneratorTests" name="RandomNumberGeneratorTest" time="1.860"/>
  <testcase classname="tests.RandomNumberGeneratorTests" name="RandomNumberGeneratorTest" time="1.889"/>
  <testcase classname="tests.RandomNumberGeneratorTests" name="RandomNumberGeneratorTest" time="2.145"/>
  <testcase classname="tests.RandomNumberGeneratorTests" name="RandomNumberGeneratorTest" time="2.490"/>
  <testcase classname="tests.RandomNumberGeneratorTests" name="RandomNumberGeneratorTest" time="3.160"/>
  <testcase classname="tests.RandomNumberGeneratorTests" name="RandomNumberGeneratorTest" time="1.614"/>
  <testcase classname="tests.RandomNumberGeneratorTests" name="RandomNumberGeneratorTest" time="1.933"/>
  <testcase classname="tests.RandomNumberGeneratorTests" name="RandomNumberGeneratorTest" time="1.564"/>
  <testcase classname="tests.RandomNumberGeneratorTests" name="RandomNumberGeneratorTest" time="1.674"/>
  <testcase classname="tests.RandomNumberGeneratorTests" name="RandomNumberGeneratorTest" time="2.314"/>
  <testcase classname="tests.RandomNumberGeneratorTests" name="RandomNumberGeneratorTest" time="2.086"/>
  <testcase classname="tests.RandomNumberGeneratorTests" name="RandomNumberGeneratorTest" time="1.657"/>
  <testcase classname="tests.RandomNumberGeneratorTests" name="RandomNumberGeneratorTest" time="1.569"/>
  <testcase classname="tests.RandomNumberGeneratorTests" name="RandomNumberGeneratorTest" time="1.556"/>
  <testcase classname="tests.RandomNumberGeneratorTests" name="RandomNumberGeneratorTest" time="1.794"/>
  <testcase classname="tests.RandomNumberGeneratorTests" name="RandomNumberGeneratorTest" time="3.760"/>
  <testcase classname="tests.RandomNumberGeneratorTests" name="RandomNumberGeneratorTest" time="3.371"/>
  <testcase classname="tests.RandomNumberGeneratorTests" name="RandomNumberGeneratorTest" time="2.796"/>
  <testcase classname="tests.RandomNumberGeneratorTests" name="RandomNumberGeneratorTest" time="2.698"/>
  <testcase classname="tests.RandomNumberGeneratorTests" name="RandomNumberGeneratorTest" time="1.539"/>
  <testcase classname="tests.RandomNumberGeneratorTests" name="RandomNumberGeneratorTest" time="1.840"/>
  <testcase classname="tests.RandomNumberGeneratorTests" name="RandomNumberGeneratorTest" time="4.040"/>
  <testcase classname="tests.RandomNumberGeneratorTests" name="RandomNumberGeneratorTest" time="2.747"/>
  <testcase classname="tests.RandomNumberGeneratorTests" name="RandomNumberGeneratorTest" time="1.852"/>
  <testcase classname="tests.RandomNumberGeneratorTests" name="RandomNumberGeneratorTest" time="2.160"/>
  <testcase classname="tests.RandomNumberGeneratorTests" name="RandomNumberGeneratorTest" time="1.806"/>
  <testcase classname="tests.RandomNumberGeneratorTests" name="RandomNumberGeneratorTest" time="2.691"/>
  <testcase classname="tests.RandomNumberGeneratorTests" name="RandomNumberGeneratorTest" time="2.065"/>
  <testcase classname="tests.RandomNumberGeneratorTests" name="RandomNumberGeneratorTest" time="1.516"/>
  <testcase classname="tests.RandomNumberGeneratorTests" name="RandomNumberGeneratorTest" time="3.395"/>
  <testcase classname="tests.RandomNumberGeneratorTests" name="RandomNumberGeneratorTest" time="1.725"/>
  <testcase classname="tests.RandomNumberGeneratorTests" name="RandomNumberGeneratorTest" time="2.020"/>
  <testcase classname="tests.RandomNumberGeneratorTests" name="RandomNumberGeneratorTest" time="2.114"/>
  <testcase classname="tests.RandomNumberGeneratorTests" name="RandomNumberGeneratorTest" time="1.818"/>
  <testcase classname="tests.RandomNumberGeneratorTests" name="RandomNumberGeneratorTest" time="3.471"/>
  <testcase classname="tests.RandomNumberGeneratorTests" name="RandomNumberGeneratorTest" time="2.962"/>
  <testcase classname="tests.RandomNumberGeneratorTests" name="RandomNumberGeneratorTest" time="2.812"/>
  <testcase classname="tests.RandomNumberGeneratorTests" name="RandomNumberGeneratorTest" time="3.240"/>
  <testcase classname="tests.RandomNumberGeneratorTests" name="RandomNumberGeneratorTest" time="1.908"/>
  <testcase classname="tests.RandomNumberGeneratorTests" name="RandomNumberGeneratorTest" time="1.993"/>
  <testcase classname="tests.RandomNumberGeneratorTests" name="RandomNumberGeneratorTest" time="1.769"/>
  <testcase classname="tests.RandomNumberGeneratorTests" name="RandomNumberGeneratorTest" time="2.640"/>
  <testcase classname="tests.RandomNumberGeneratorTests" name="RandomNumberGeneratorTest" time="2.006"/>
  <testcase classname="tests.RandomNumberGeneratorTests" name="RandomNumberGeneratorTest" time="2.479"/>
  <testcase classname="tests.RandomNumberGeneratorTests" name="RandomNumberGeneratorTest" time="1.717"/>
  <testcase classname="tests.RandomNumberGeneratorTests" name="RandomNumberGeneratorTest" time="1.756"/>
  <testcase classname="tests.RandomNumberGeneratorTests" name="RandomNumberGeneratorTest" time="1.980"/>
  <testcase classname="tests.RandomNumberGeneratorTests" name="RandomNumberGeneratorTest" time="2.100"/>
  <testcase classname="tests.RandomNumberGeneratorTests" name="RandomNumberGeneratorTest" time="1.763"/>
  <testcase classname="tests.RandomNumberGeneratorTests" name="RandomNumberGeneratorTest" time="1.731"/>
  <testcase classname="tests.RandomNumberGeneratorTests" name="RandomNumberGeneratorTest" time="3.074"/>
  <testcase classname="tests.RandomNumberGeneratorTests" name="RandomNumberGeneratorTest" time="3.524"/>
  <testcase classname="tests.RandomNumberGeneratorTests" name="RandomNumberGeneratorTest" time="2.026"/>
  <testcase classname="tests.RandomNumberGeneratorTests" name="RandomNumberGeneratorTest" time="2.280"/>
  <testcase classname="tests.RandomNumberGeneratorTests" name="RandomNumberGeneratorTest" time="2.492"/>
  <testcase classname="tests.RandomNumberGeneratorTests" name="RandomNumberGeneratorTest" time="1.716"/>
  <testcase classname="tests.RandomNumberGeneratorTests" name="RandomNumberGeneratorTest" time="2.375"/>
  <testcase classname="tests.RandomNumberGeneratorTests" name="RandomNumberGeneratorTest" time="1.754"/>
  <testcase classname="tests.RandomNumberGeneratorTests" name="RandomNumberGeneratorTest" time="4.157"/>
  <testcase classname="tests.RandomNumberGeneratorTests" name="RandomNumberGeneratorTest" time="1.941"/>
  <testcase classname="tests.RandomNumberGeneratorTests" name="RandomNumberGeneratorTest" time="3.405"/>
  <testcase classname="tests.RandomNumberGeneratorTests" name="RandomNumberGeneratorTest" time="1.968"/>
  <testcase classname="tests.RandomNumberGeneratorTests" name="RandomNumberGeneratorTest" time="2.230"/>
  <testcase classname="tests.RandomNumberGeneratorTests" name="RandomNumberGeneratorTest" time="1.664"/>
  <testcase classname="tests.RandomNumberGeneratorTests" name="RandomNumberGeneratorTest" time="1.881"/>
  <testcase classname="tests.RandomNumberGeneratorTests" name="RandomNumberGeneratorTest" time="2.648"/>
  <testcase classname="tests.RandomNumberGeneratorTests" name="RandomNumberGeneratorTest" time="1.579"/>
  <testcase classname="tests.RandomNumberGeneratorTests" name="RandomNumberGeneratorTest" time="1.978"/>
  <testcase classname="tests.RandomNumberGeneratorTests" name="RandomNumberGeneratorTest" time="3.165"/>
  <testcase classname="tests.RandomNumberGeneratorTests" name="RandomNumberGeneratorTest" time="1.859"/>
  <testcase classname="tests.RandomNumberGeneratorTests" name="RandomNumberGeneratorTest" time="2.429"/>
  <testcase classname="tests.RandomNumberGeneratorTests" name="RandomNumberGeneratorTest" time="1.567"/>
  <testcase classname="tests.RandomNumberGeneratorTests" name="RandomNumberGeneratorTest" time="3.392"/>
  <testcase classname="tests.RandomNumberGeneratorTests" name="RandomNumberGeneratorTest" time="1.682"/>
  <testcase classname="tests.RandomNumberGeneratorTests" name="RandomNumberGeneratorTest" time="3.595"/>
  <testcase classname="tests.RandomNumberGeneratorTests" name="RandomNumberGeneratorTest" time="2.523"/>
  <testcase classname="tests.RandomNumberGeneratorTests" name="RandomNumberGeneratorTest" time="1.908"/>
  <testcase classname="tests.RandomNumberGeneratorTests" name="RandomNumberGeneratorTest" time="1.626"/>
  <testcase classname="tests.RandomNumberGeneratorTests" name="RandomNumberGeneratorTest" time="2.208"/>
  <testcase classname="tests.RandomNumberGeneratorTests" name="RandomNumberGeneratorTest" time="1.825"/>
  <testcase classname="tests.RandomNumberGeneratorTests" name="RandomNumberGeneratorTest" time="1.609"/>
  <testcase classname="tests.RandomNumberGeneratorTests" name="RandomNumberGeneratorTest" time="1.802"/>
  <testcase classname="tests.RandomNumberGeneratorTests" name="RandomNumberGeneratorTest" time="1.617"/>
  <testcase classname="tests.RandomNumberGeneratorTests" name="RandomNumberGeneratorTest" time="3.311"/>
  <testcase classname="tests.RandomNumberGeneratorTests" name="RandomNumberGeneratorTest" time="3.007"/>
  <testcase classname="tests.RandomNumberGeneratorTests" name="RandomNumberGeneratorTest" time="1.738"/>
  <testcase classname="tests.RandomNumberGeneratorTests" name="RandomNumberGeneratorTest" time="2.473"/>
  <testcase classname="tests.RandomNumberGeneratorTests" name="RandomNumberGeneratorTest" time="3.080"/>
  <testcase classname="tests.RandomNumberGeneratorTests" name="RandomNumberGeneratorTest" time="3.489"/>
  <testcase classname="tests.RandomNumberGeneratorTests" name="RandomNumberGeneratorTest" time="2.258"/>
  <testcase classname="tests.RandomNumberGeneratorTests" name="RandomNumberGeneratorTest" time="2.012"/>
  <testcase classname="tests.RandomNumberGeneratorTests" name="RandomNumberGeneratorTest" time="3.059"/>
  <testcase classname="tests.RandomNumberGeneratorTests" name="RandomNumberGeneratorTest" time="3.484"/>
  <testcase classname="tests.RandomNumberGeneratorTests" name="RandomNumberGeneratorTest" time="2.112"/>
  <testcase classname="tests.RandomNumberGeneratorTests" name="RandomNumberGeneratorTest" time="2.702"/>
  <testcase classname="tests.RandomNumberGeneratorTests" name="RandomNumberGeneratorTest" time="3.028"/>
  <testcase classname="tests.RandomNumberGeneratorTests" name="RandomNumberGeneratorTest" time="2.147"/>
  <testcase classname="tests.RandomNumberGeneratorTests" name="RandomNumberGeneratorTest" time="3.000"/>
  <testcase classname="tests.RandomNumberGeneratorTests" name="RandomNumberGeneratorTest" time="3.070"/>
  <testcase classname="tests.RandomNumberGeneratorTests" name="RandomNumberGeneratorTest" time="2.143"/>
  <testcase classname="tests.RandomNumberGeneratorTests" name="RandomNumberGeneratorTest" time="1.792"/>
  <testcase classname="tests.RandomNumberGeneratorTests" name="RandomNumberGeneratorTest" time="2.024"/>
  <testcase classname="tests.RandomNumberGeneratorTests" name="RandomNumberGeneratorTest" time="1.542"/>
  <testcase classname="tests.RandomNumberGeneratorTests" name="RandomNumberGeneratorTest" time="1.659"/>
  <testcase classname="tests.RandomNumberGeneratorTests" name="RandomNumberGeneratorTest" time="3.123"/>
  <testcase classname="tests.RandomNumberGeneratorTests" name="RandomNumberGeneratorTest" time="1.994"/>
  <testcase classname="tests.RandomNumberGeneratorTests" name="RandomNumberGeneratorTest" time="3.307"/>
  <testcase classname="tests.RandomNumberGeneratorTests" name="RandomNumberGeneratorTest" time="1.799"/>
  <testcase classname="tests.RandomNumberGeneratorTests" name="RandomNumberGeneratorTest" time="1.657"/>
  <testcase classname="tests.RandomNumberGeneratorTests" name="RandomNumberGeneratorTest" time="1.780"/>
  <testcase classname="tests.RandomNumberGeneratorTests" name="RandomNumberGeneratorTest" time="2.039"/>
  <testcase classname="tests.RandomNumberGeneratorTests" name="RandomNumberGeneratorTest" time="2.063"/>
  <testcase classname="tests.RandomNumberGeneratorTests" name="RandomNumberGeneratorTest" time="1.456"/>
  <testcase classname="tests.RandomNumberGeneratorTests" name="RandomNumberGeneratorTest" time="1.518"/>
  <testcase classname="tests.RandomNumberGeneratorTests" name="RandomNumberGeneratorTest" time="2.602"/>
  <testcase classname="tests.RandomNumberGeneratorTests" name="RandomNumberGeneratorTest" time="3.600"/>
  <testcase classname="tests.RandomNumberGeneratorTests" name="RandomNumberGeneratorTest" time="1.762"/>
  <testcase classname="tests.RandomNumberGeneratorTests" name="RandomNumberGeneratorTest" time="1.757"/>
  <testcase classname="tests.RandomNumberGeneratorTests" name="RandomNumberGeneratorTest" time="2.311"/>
  <testcase classname="tests.RandomNumberGeneratorTests" name="RandomNumberGeneratorTest" time="3.017"/>
  <testcase classname="tests.RandomNumberGeneratorTests" name="RandomNumberGeneratorTest" time="1.698"/>
  <testcase classname="tests.RandomNumberGeneratorTests" name="RandomNumberGeneratorTest" time="1.660"/>
  <testcase classname="tests.RandomNumberGeneratorTests" name="RandomNumberGeneratorTest" time="1.856"/>
  <testcase classname="tests.RandomNumberGeneratorTests" name="RandomNumberGeneratorTest" time="1.832"/>
  <testcase classname="tests.RandomNumberGeneratorTests" name="RandomNumberGeneratorTest" time="1.688"/>
  <testcase classname="tests.RandomNumberGeneratorTests" name="RandomNumberGeneratorTest" time="1.987"/>
  <testcase classname="tests.RandomNumberGeneratorTests" name="RandomNumberGeneratorTest" time="2.518"/>
  <testcase classname="tests.RandomNumberGeneratorTests" name="RandomNumberGeneratorTest" time="2.553"/>
  <testcase classname="tests.RandomNumberGeneratorTests" name="RandomNumberGeneratorTest" time="3.369"/>
  <testcase classname="tests.RandomNumberGeneratorTests" name="RandomNumberGeneratorTest" time="2.868"/>
  <testcase classname="tests.RandomNumberGeneratorTests" name="RandomNumberGeneratorTest" time="3.180"/>
  <testcase classname="tests.RandomNumberGeneratorTests" name="RandomNumberGeneratorTest" time="1.939"/>
  <testcase classname="tests.RandomNumberGeneratorTests" name="RandomNumberGeneratorTest" time="1.843"/>
  <testcase classname="tests.RandomNumberGeneratorTests" name="RandomNumberGeneratorTest" time="2.498"/>
  <testcase classname="tests.RandomNumberGeneratorTests" name="RandomNumberGeneratorTest" time="4.400"/>
  <testcase classname="tests.RandomNumberGeneratorTests" name="RandomNumberGeneratorTest" time="1.845"/>
  <testcase classname="tests.RandomNumberGeneratorTests" name="RandomNumberGeneratorTest" time="2.284"/>
  <testcase classname="tests.RandomNumberGeneratorTests" name="RandomNumberGeneratorTest" time="2.209"/>
  <testcase classname="tests.RandomNumberGeneratorTests" name="RandomNumberGeneratorTest" time="1.818"/>
  <testcase classname="tests.RandomNumberGeneratorTests" name="RandomNumberGeneratorTest" time="2.100"/>
  <testcase classname="tests.RandomNumberGeneratorTests" name="RandomNumberGeneratorTest" time="3.180"/>
  <testcase classname="tests.RandomNumberGeneratorTests" name="RandomNumberGeneratorTest" time="3.466"/>
  <testcase classname="tests.RandomNumberGeneratorTests" name="RandomNumberGeneratorTest" time="2.480"/>
  <testcase classname="tests.RandomNumberGeneratorTests" name="RandomNumberGeneratorTest" time="1.840"/>
  <testcase classname="tests.RandomNumberGeneratorTests" name="RandomNumberGeneratorTest" time="3.073"/>
  <testcase classname="tests.RandomNumberGeneratorTests" name="RandomNumberGeneratorTest" time="3.442"/>
  <testcase classname="tests.RandomNumberGeneratorTests" name="RandomNumberGeneratorTest" time="2.270"/>
  <testcase classname="tests.RandomNumberGeneratorTests" name="RandomNumberGeneratorTest" time="1.559"/>
  <testcase classname="tests.RandomNumberGeneratorTests" name="RandomNumberGeneratorTest" time="2.317"/>
  <testcase classname="tests.RandomNumberGeneratorTests" name="RandomNumberGeneratorTest" time="3.309"/>
  <testcase classname="tests.RandomNumberGeneratorTests" name="RandomNumberGeneratorTest" time="1.860"/>
  <testcase classname="tests.RandomNumberGeneratorTests" name="RandomNumberGeneratorTest" time="1.996"/>
  <testcase classname="tests.RandomNumberGeneratorTests" name="RandomNumberGeneratorTest" time="1.743"/>
  <testcase classname="tests.RandomNumberGeneratorTests" name="RandomNumberGeneratorTest" time="2.261"/>
  <testcase classname="tests.RandomNumberGeneratorTests" name="RandomNumberGeneratorTest" time="2.187"/>
  <testcase classname="tests.RandomNumberGeneratorTests" name="RandomNumberGeneratorTest" time="3.231"/>
  <testcase classname="tests.RandomNumberGeneratorTests" name="RandomNumberGeneratorTest" time="1.616"/>
  <testcase classname="tests.RandomNumberGeneratorTests" name="RandomNumberGeneratorTest" time="3.132"/>
  <testcase classname="tests.RandomNumberGeneratorTests" name="RandomNumberGeneratorTest" time="2.788"/>
  <testcase classname="tests.RandomNumberGeneratorTests" name="RandomNumberGeneratorTest" time="1.864"/>
  <testcase classname="tests.RandomNumberGeneratorTests" name="RandomNumberGeneratorTest" time="1.813"/>
  <testcase classname="tests.RandomNumberGeneratorTests" name="RandomNumberGeneratorTest" time="2.434"/>
  <testcase classname="tests.RandomNumberGeneratorTests" name="RandomNumberGeneratorTest" time="3.018"/>
  <testcase classname="tests.RandomNumberGeneratorTests" name="RandomNumberGeneratorTest" time="2.108"/>
  <testcase classname="tests.RandomNumberGeneratorTests" name="RandomNumberGeneratorTest" time="1.878"/>
  <testcase classname="tests.RandomNumberGeneratorTests" name="RandomNumberGeneratorTest" time="2.120"/>
  <testcase classname="tests.RandomNumberGeneratorTests" name="RandomNumberGeneratorTest" time="1.833"/>
  <testcase classname="tests.RandomNumberGeneratorTests" name="RandomNumberGeneratorTest" time="2.165"/>
  <testcase classname="tests.RandomNumberGeneratorTests" name="RandomNumberGeneratorTest" time="1.769"/>
  <testcase classname="tests.RandomNumberGeneratorTests" name="RandomNumberGeneratorTest" time="2.220"/>
  <testcase classname="tests.RandomNumberGeneratorTests" name="RandomNumberGeneratorTest" time="1.643"/>
  <testcase classname="tests.RandomNumberGeneratorTests" name="RandomNumberGeneratorTest" time="1.939"/>
  <testcase classname="tests.RandomNumberGeneratorTests" name="RandomNumberGeneratorTest" time="2.833"/>
  <testcase classname="tests.RandomNumberGeneratorTests" name="RandomNumberGeneratorTest" time="1.668"/>
  <testcase classname="tests.RandomNumberGeneratorTests" name="RandomNumberGeneratorTest" time="3.344"/>
  <testcase classname="tests.RandomNumberGeneratorTests" name="RandomNumberGeneratorTest" time="1.938"/>
  <testcase classname="tests.RandomNumberGeneratorTests" name="RandomNumberGeneratorTest" time="1.758"/>
  <testcase classname="tests.RandomNumberGeneratorTests" name="RandomNumberGeneratorTest" time="2.118"/>
  <testcase classname="tests.RandomNumberGeneratorTests" name="RandomNumberGeneratorTest" time="2.680"/>
  <testcase classname="tests.RandomNumberGeneratorTests" name="RandomNumberGeneratorTest" time="1.651"/>
  <testcase classname="tests.RandomNumberGeneratorTests" name="RandomNumberGeneratorTest" time="4.273"/>
  <testcase classname="tests.RandomNumberGeneratorTests" name="RandomNumberGeneratorTest" time="1.978"/>
  <testcase classname="tests.RandomNumberGeneratorTests" name="RandomNumberGeneratorTest" time="1.987"/>
  <testcase classname="tests.RandomNumberGeneratorTests" name="RandomNumberGeneratorTest" time="1.870"/>
  <testcase classname="tests.RandomNumberGeneratorTests" name="RandomNumberGeneratorTest" time="2.162"/>
  <testcase classname="tests.RandomNumberGeneratorTests" name="RandomNumberGeneratorTest" time="3.592"/>
  <testcase classname="tests.RandomNumberGeneratorTests" name="RandomNumberGeneratorTest" time="5.210"/>
  <testcase classname="tests.RandomNumberGeneratorTests" name="RandomNumberGeneratorTest" time="1.910"/>
  <testcase classname="tests.RandomNumberGeneratorTests" name="RandomNumberGeneratorTest" time="2.272"/>
  <testcase classname="tests.RandomNumberGeneratorTests" name="RandomNumberGeneratorTest" time="1.724"/>
  <testcase classname="tests.RandomNumberGeneratorTests" name="RandomNumberGeneratorTest" time="1.689"/>
  <testcase classname="tests.RandomNumberGeneratorTests" name="RandomNumberGeneratorTest" time="3.695"/>
  <testcase classname="tests.RandomNumberGeneratorTests" name="RandomNumberGeneratorTest" time="1.785"/>
  <testcase classname="tests.RandomNumberGeneratorTests" name="RandomNumberGeneratorTest" time="2.411"/>
  <testcase classname="tests.RandomNumberGeneratorTests" name="RandomNumberGeneratorTest" time="1.676"/>
  <testcase classname="tests.RandomNumberGeneratorTests" name="RandomNumberGeneratorTest" time="3.109"/>
  <testcase classname="tests.RandomNumberGeneratorTests" name="RandomNumberGeneratorTest" time="2.057"/>
  <testcase classname="tests.RandomNumberGeneratorTests" name="RandomNumberGeneratorTest" time="1.935"/>
  <testcase classname="tests.RandomNumberGeneratorTests" name="RandomNumberGeneratorTest" time="2.128"/>
  <testcase classname="tests.RandomNumberGeneratorTests" name="RandomNumberGeneratorTest" time="1.722"/>
  <testcase classname="tests.RandomNumberGeneratorTests" name="RandomNumberGeneratorTest" time="2.859"/>
  <testcase classname="tests.RandomNumberGeneratorTests" name="RandomNumberGeneratorTest" time="1.569"/>
  <testcase classname="tests.RandomNumberGeneratorTests" name="RandomNumberGeneratorTest" time="1.778"/>
  <testcase classname="tests.RandomNumberGeneratorTests" name="RandomNumberGeneratorTest" time="1.747"/>
  <testcase classname="tests.RandomNumberGeneratorTests" name="RandomNumberGeneratorTest" time="4.001"/>
  <testcase classname="tests.RandomNumberGeneratorTests" name="RandomNumberGeneratorTest" time="1.724"/>
  <testcase classname="tests.RandomNumberGeneratorTests" name="RandomNumberGeneratorTest" time="3.026"/>
  <testcase classname="tests.RandomNumberGeneratorTests" name="RandomNumberGeneratorTest" time="2.665"/>
  <testcase classname="tests.RandomNumberGeneratorTests" name="RandomNumberGeneratorTest" time="2.160"/>
  <testcase classname="tests.RandomNumberGeneratorTests" name="RandomNumberGeneratorTest" time="1.960"/>
  <testcase classname="tests.RandomNumberGeneratorTests" name="RandomNumberGeneratorTest" time="2.642"/>
  <testcase classname="tests.RandomNumberGeneratorTests" name="RandomNumberGeneratorTest" time="1.479"/>
  <testcase classname="tests.RandomNumberGeneratorTests" name="RandomNumberGeneratorTest" time="1.826"/>
  <testcase classname="tests.RandomNumberGeneratorTests" name="RandomNumberGeneratorTest" time="1.758"/>
  <testcase classname="tests.RandomNumberGeneratorTests" name="RandomNumberGeneratorTest" time="1.832"/>
  <testcase classname="tests.RandomNumberGeneratorTests" name="RandomNumberGeneratorTest" time="1.768"/>
  <testcase classname="tests.RandomNumberGeneratorTests" name="RandomNumberGeneratorTest" time="2.290"/>
  <testcase classname="tests.RandomNumberGeneratorTests" name="RandomNumberGeneratorTest" time="1.735"/>
  <testcase classname="tests.RandomNumberGeneratorTests" name="RandomNumberGeneratorTest" time="1.666"/>
  <testcase classname="tests.RandomNumberGeneratorTests" name="RandomNumberGeneratorTest" time="1.887"/>
  <testcase classname="tests.RandomNumberGeneratorTests" name="RandomNumberGeneratorTest" time="3.081"/>
  <testcase classname="tests.RandomNumberGeneratorTests" name="RandomNumberGeneratorTest" time="1.975"/>
  <testcase classname="tests.RandomNumberGeneratorTests" name="RandomNumberGeneratorTest" time="2.829"/>
  <testcase classname="tests.RandomNumberGeneratorTests" name="RandomNumberGeneratorTest" time="2.220"/>
  <testcase classname="tests.RandomNumberGeneratorTests" name="RandomNumberGeneratorTest" time="3.289"/>
  <testcase classname="tests.RandomNumberGeneratorTests" name="RandomNumberGeneratorTest" time="1.612"/>
  <testcase classname="tests.RandomNumberGeneratorTests" name="RandomNumberGeneratorTest" time="2.037"/>
  <testcase classname="tests.RandomNumberGeneratorTests" name="RandomNumberGeneratorTest" time="2.234"/>
  <testcase classname="tests.RandomNumberGeneratorTests" name="RandomNumberGeneratorTest" time="2.234"/>
  <testcase classname="tests.RandomNumberGeneratorTests" name="RandomNumberGeneratorTest" time="2.953"/>
  <testcase classname="tests.RandomNumberGeneratorTests" name="RandomNumberGeneratorTest" time="1.705"/>
  <testcase classname="tests.RandomNumberGeneratorTests" name="RandomNumberGeneratorTest" time="2.402"/>
  <testcase classname="tests.RandomNumberGeneratorTests" name="RandomNumberGeneratorTest" time="2.085"/>
  <testcase classname="tests.RandomNumberGeneratorTests" name="RandomNumberGeneratorTest" time="2.189"/>
  <testcase classname="tests.RandomNumberGeneratorTests" name="RandomNumberGeneratorTest" time="1.935"/>
  <testcase classname="tests.RandomNumberGeneratorTests" name="RandomNumberGeneratorTest" time="1.633"/>
  <testcase classname="tests.RandomNumberGeneratorTests" name="RandomNumberGeneratorTest" time="1.848"/>
  <testcase classname="tests.RandomNumberGeneratorTests" name="RandomNumberGeneratorTest" time="1.743"/>
  <testcase classname="tests.RandomNumberGeneratorTests" name="RandomNumberGeneratorTest" time="1.650"/>
  <testcase classname="tests.RandomNumberGeneratorTests" name="RandomNumberGeneratorTest" time="1.654"/>
  <testcase classname="tests.RandomNumberGeneratorTests" name="RandomNumberGeneratorTest" time="3.199"/>
  <testcase classname="tests.RandomNumberGeneratorTests" name="RandomNumberGeneratorTest" time="1.852"/>
  <testcase classname="tests.RandomNumberGeneratorTests" name="RandomNumberGeneratorTest" time="2.259"/>
  <testcase classname="tests.RandomNumberGeneratorTests" name="RandomNumberGeneratorTest" time="1.879"/>
  <testcase classname="tests.RandomNumberGeneratorTests" name="RandomNumberGeneratorTest" time="2.582"/>
  <testcase classname="tests.RandomNumberGeneratorTests" name="RandomNumberGeneratorTest" time="2.050"/>
  <testcase classname="tests.RandomNumberGeneratorTests" name="RandomNumberGeneratorTest" time="2.312"/>
  <testcase classname="tests.RandomNumberGeneratorTests" name="RandomNumberGeneratorTest" time="1.841"/>
  <testcase classname="tests.RandomNumberGeneratorTests" name="RandomNumberGeneratorTest" time="3.091"/>
  <testcase classname="tests.RandomNumberGeneratorTests" name="RandomNumberGeneratorTest" time="3.449"/>
  <testcase classname="tests.RandomNumberGeneratorTests" name="RandomNumberGeneratorTest" time="2.311"/>
  <testcase classname="tests.RandomNumberGeneratorTests" name="RandomNumberGeneratorTest" time="1.793"/>
  <testcase classname="tests.RandomNumberGeneratorTests" name="RandomNumberGeneratorTest" time="1.952"/>
  <testcase classname="tests.RandomNumberGeneratorTests" name="RandomNumberGeneratorTest" time="1.817"/>
  <testcase classname="tests.RandomNumberGeneratorTests" name="RandomNumberGeneratorTest" time="2.925"/>
  <testcase classname="tests.RandomNumberGeneratorTests" name="RandomNumberGeneratorTest" time="1.856"/>
  <testcase classname="tests.RandomNumberGeneratorTests" name="RandomNumberGeneratorTest" time="2.590"/>
  <testcase classname="tests.RandomNumberGeneratorTests" name="RandomNumberGeneratorTest" time="1.917"/>
  <testcase classname="tests.RandomNumberGeneratorTests" name="RandomNumberGeneratorTest" time="3.128"/>
  <testcase classname="tests.RandomNumberGeneratorTests" name="RandomNumberGeneratorTest" time="2.090"/>
  <testcase classname="tests.RandomNumberGeneratorTests" name="RandomNumberGeneratorTest" time="2.107"/>
  <testcase classname="tests.RandomNumberGeneratorTests" name="RandomNumberGeneratorTest" time="2.120"/>
  <testcase classname="tests.RandomNumberGeneratorTests" name="RandomNumberGeneratorTest" time="1.894"/>
  <testcase classname="tests.RandomNumberGeneratorTests" name="RandomNumberGeneratorTest" time="2.382"/>
</testsuite> <!-- tests.RandomNumberGeneratorTests -->
