<?xml version="1.0" encoding="UTF-8"?>
<!-- Generated by org.testng.reporters.JUnitReportReporter -->
<testsuite hostname="DESKTOP-OM1I456" failures="0" tests="108" name="tests.RandomNumberGeneratorTests" time="264.915" errors="0" timestamp="2019-10-24T02:08:56 IDT" skipped="0">
  <testcase classname="tests.RandomNumberGeneratorTests" name="RandomNumberGeneratorTest" time="2.759"/>
  <testcase classname="tests.RandomNumberGeneratorTests" name="RandomNumberGeneratorTest" time="1.783"/>
  <testcase classname="tests.RandomNumberGeneratorTests" name="RandomNumberGeneratorTest" time="2.472"/>
  <testcase classname="tests.RandomNumberGeneratorTests" name="RandomNumberGeneratorTest" time="1.971"/>
  <testcase classname="tests.RandomNumberGeneratorTests" name="RandomNumberGeneratorTest" time="2.909"/>
  <testcase classname="tests.RandomNumberGeneratorTests" name="RandomNumberGeneratorTest" time="2.907"/>
  <testcase classname="tests.RandomNumberGeneratorTests" name="RandomNumberGeneratorTest" time="1.627"/>
  <testcase classname="tests.RandomNumberGeneratorTests" name="RandomNumberGeneratorTest" time="1.559"/>
  <testcase classname="tests.RandomNumberGeneratorTests" name="RandomNumberGeneratorTest" time="2.529"/>
  <testcase classname="tests.RandomNumberGeneratorTests" name="RandomNumberGeneratorTest" time="2.671"/>
  <testcase classname="tests.RandomNumberGeneratorTests" name="RandomNumberGeneratorTest" time="2.212"/>
  <testcase classname="tests.RandomNumberGeneratorTests" name="RandomNumberGeneratorTest" time="3.957"/>
  <testcase classname="tests.RandomNumberGeneratorTests" name="RandomNumberGeneratorTest" time="2.373"/>
  <testcase classname="tests.RandomNumberGeneratorTests" name="RandomNumberGeneratorTest" time="2.726"/>
  <testcase classname="tests.RandomNumberGeneratorTests" name="RandomNumberGeneratorTest" time="2.040"/>
  <testcase classname="tests.RandomNumberGeneratorTests" name="RandomNumberGeneratorTest" time="2.963"/>
  <testcase classname="tests.RandomNumberGeneratorTests" name="RandomNumberGeneratorTest" time="1.975"/>
  <testcase classname="tests.RandomNumberGeneratorTests" name="RandomNumberGeneratorTest" time="2.687"/>
  <testcase classname="tests.RandomNumberGeneratorTests" name="RandomNumberGeneratorTest" time="1.714"/>
  <testcase classname="tests.RandomNumberGeneratorTests" name="RandomNumberGeneratorTest" time="2.574"/>
  <testcase classname="tests.RandomNumberGeneratorTests" name="RandomNumberGeneratorTest" time="4.249"/>
  <testcase classname="tests.RandomNumberGeneratorTests" name="RandomNumberGeneratorTest" time="2.121"/>
  <testcase classname="tests.RandomNumberGeneratorTests" name="RandomNumberGeneratorTest" time="3.779"/>
  <testcase classname="tests.RandomNumberGeneratorTests" name="RandomNumberGeneratorTest" time="3.381"/>
  <testcase classname="tests.RandomNumberGeneratorTests" name="RandomNumberGeneratorTest" time="1.702"/>
  <testcase classname="tests.RandomNumberGeneratorTests" name="RandomNumberGeneratorTest" time="2.060"/>
  <testcase classname="tests.RandomNumberGeneratorTests" name="RandomNumberGeneratorTest" time="1.680"/>
  <testcase classname="tests.RandomNumberGeneratorTests" name="RandomNumberGeneratorTest" time="2.132"/>
  <testcase classname="tests.RandomNumberGeneratorTests" name="RandomNumberGeneratorTest" time="4.643"/>
  <testcase classname="tests.RandomNumberGeneratorTests" name="RandomNumberGeneratorTest" time="3.368"/>
  <testcase classname="tests.RandomNumberGeneratorTests" name="RandomNumberGeneratorTest" time="2.663"/>
  <testcase classname="tests.RandomNumberGeneratorTests" name="RandomNumberGeneratorTest" time="1.917"/>
  <testcase classname="tests.RandomNumberGeneratorTests" name="RandomNumberGeneratorTest" time="1.891"/>
  <testcase classname="tests.RandomNumberGeneratorTests" name="RandomNumberGeneratorTest" time="1.876"/>
  <testcase classname="tests.RandomNumberGeneratorTests" name="RandomNumberGeneratorTest" time="2.132"/>
  <testcase classname="tests.RandomNumberGeneratorTests" name="RandomNumberGeneratorTest" time="3.783"/>
  <testcase classname="tests.RandomNumberGeneratorTests" name="RandomNumberGeneratorTest" time="1.859"/>
  <testcase classname="tests.RandomNumberGeneratorTests" name="RandomNumberGeneratorTest" time="2.600"/>
  <testcase classname="tests.RandomNumberGeneratorTests" name="RandomNumberGeneratorTest" time="3.238"/>
  <testcase classname="tests.RandomNumberGeneratorTests" name="RandomNumberGeneratorTest" time="1.579"/>
  <testcase classname="tests.RandomNumberGeneratorTests" name="RandomNumberGeneratorTest" time="2.231"/>
  <testcase classname="tests.RandomNumberGeneratorTests" name="RandomNumberGeneratorTest" time="2.057"/>
  <testcase classname="tests.RandomNumberGeneratorTests" name="RandomNumberGeneratorTest" time="3.079"/>
  <testcase classname="tests.RandomNumberGeneratorTests" name="RandomNumberGeneratorTest" time="1.735"/>
  <testcase classname="tests.RandomNumberGeneratorTests" name="RandomNumberGeneratorTest" time="2.349"/>
  <testcase classname="tests.RandomNumberGeneratorTests" name="RandomNumberGeneratorTest" time="1.897"/>
  <testcase classname="tests.RandomNumberGeneratorTests" name="RandomNumberGeneratorTest" time="1.772"/>
  <testcase classname="tests.RandomNumberGeneratorTests" name="RandomNumberGeneratorTest" time="1.441"/>
  <testcase classname="tests.RandomNumberGeneratorTests" name="RandomNumberGeneratorTest" time="1.857"/>
  <testcase classname="tests.RandomNumberGeneratorTests" name="RandomNumberGeneratorTest" time="2.169"/>
  <testcase classname="tests.RandomNumberGeneratorTests" name="RandomNumberGeneratorTest" time="1.572"/>
  <testcase classname="tests.RandomNumberGeneratorTests" name="RandomNumberGeneratorTest" time="2.154"/>
  <testcase classname="tests.RandomNumberGeneratorTests" name="RandomNumberGeneratorTest" time="1.764"/>
  <testcase classname="tests.RandomNumberGeneratorTests" name="RandomNumberGeneratorTest" time="3.576"/>
  <testcase classname="tests.RandomNumberGeneratorTests" name="RandomNumberGeneratorTest" time="1.851"/>
  <testcase classname="tests.RandomNumberGeneratorTests" name="RandomNumberGeneratorTest" time="3.707"/>
  <testcase classname="tests.RandomNumberGeneratorTests" name="RandomNumberGeneratorTest" time="1.783"/>
  <testcase classname="tests.RandomNumberGeneratorTests" name="RandomNumberGeneratorTest" time="1.897"/>
  <testcase classname="tests.RandomNumberGeneratorTests" name="RandomNumberGeneratorTest" time="1.531"/>
  <testcase classname="tests.RandomNumberGeneratorTests" name="RandomNumberGeneratorTest" time="2.058"/>
  <testcase classname="tests.RandomNumberGeneratorTests" name="RandomNumberGeneratorTest" time="1.865"/>
  <testcase classname="tests.RandomNumberGeneratorTests" name="RandomNumberGeneratorTest" time="4.274"/>
  <testcase classname="tests.RandomNumberGeneratorTests" name="RandomNumberGeneratorTest" time="1.987"/>
  <testcase classname="tests.RandomNumberGeneratorTests" name="RandomNumberGeneratorTest" time="1.989"/>
  <testcase classname="tests.RandomNumberGeneratorTests" name="RandomNumberGeneratorTest" time="2.708"/>
  <testcase classname="tests.RandomNumberGeneratorTests" name="RandomNumberGeneratorTest" time="2.764"/>
  <testcase classname="tests.RandomNumberGeneratorTests" name="RandomNumberGeneratorTest" time="1.413"/>
  <testcase classname="tests.RandomNumberGeneratorTests" name="RandomNumberGeneratorTest" time="1.684"/>
  <testcase classname="tests.RandomNumberGeneratorTests" name="RandomNumberGeneratorTest" time="3.932"/>
  <testcase classname="tests.RandomNumberGeneratorTests" name="RandomNumberGeneratorTest" time="2.067"/>
  <testcase classname="tests.RandomNumberGeneratorTests" name="RandomNumberGeneratorTest" time="3.158"/>
  <testcase classname="tests.RandomNumberGeneratorTests" name="RandomNumberGeneratorTest" time="2.494"/>
  <testcase classname="tests.RandomNumberGeneratorTests" name="RandomNumberGeneratorTest" time="2.720"/>
  <testcase classname="tests.RandomNumberGeneratorTests" name="RandomNumberGeneratorTest" time="2.332"/>
  <testcase classname="tests.RandomNumberGeneratorTests" name="RandomNumberGeneratorTest" time="2.222"/>
  <testcase classname="tests.RandomNumberGeneratorTests" name="RandomNumberGeneratorTest" time="2.216"/>
  <testcase classname="tests.RandomNumberGeneratorTests" name="RandomNumberGeneratorTest" time="1.772"/>
  <testcase classname="tests.RandomNumberGeneratorTests" name="RandomNumberGeneratorTest" time="2.530"/>
  <testcase classname="tests.RandomNumberGeneratorTests" name="RandomNumberGeneratorTest" time="1.625"/>
  <testcase classname="tests.RandomNumberGeneratorTests" name="RandomNumberGeneratorTest" time="3.845"/>
  <testcase classname="tests.RandomNumberGeneratorTests" name="RandomNumberGeneratorTest" time="3.090"/>
  <testcase classname="tests.RandomNumberGeneratorTests" name="RandomNumberGeneratorTest" time="2.211"/>
  <testcase classname="tests.RandomNumberGeneratorTests" name="RandomNumberGeneratorTest" time="3.757"/>
  <testcase classname="tests.RandomNumberGeneratorTests" name="RandomNumberGeneratorTest" time="1.544"/>
  <testcase classname="tests.RandomNumberGeneratorTests" name="RandomNumberGeneratorTest" time="2.394"/>
  <testcase classname="tests.RandomNumberGeneratorTests" name="RandomNumberGeneratorTest" time="2.628"/>
  <testcase classname="tests.RandomNumberGeneratorTests" name="RandomNumberGeneratorTest" time="2.606"/>
  <testcase classname="tests.RandomNumberGeneratorTests" name="RandomNumberGeneratorTest" time="1.873"/>
  <testcase classname="tests.RandomNumberGeneratorTests" name="RandomNumberGeneratorTest" time="1.625"/>
  <testcase classname="tests.RandomNumberGeneratorTests" name="RandomNumberGeneratorTest" time="1.806"/>
  <testcase classname="tests.RandomNumberGeneratorTests" name="RandomNumberGeneratorTest" time="2.038"/>
  <testcase classname="tests.RandomNumberGeneratorTests" name="RandomNumberGeneratorTest" time="2.378"/>
  <testcase classname="tests.RandomNumberGeneratorTests" name="RandomNumberGeneratorTest" time="2.780"/>
  <testcase classname="tests.RandomNumberGeneratorTests" name="RandomNumberGeneratorTest" time="2.519"/>
  <testcase classname="tests.RandomNumberGeneratorTests" name="RandomNumberGeneratorTest" time="1.360"/>
  <testcase classname="tests.RandomNumberGeneratorTests" name="RandomNumberGeneratorTest" time="2.266"/>
  <testcase classname="tests.RandomNumberGeneratorTests" name="RandomNumberGeneratorTest" time="2.107"/>
  <testcase classname="tests.RandomNumberGeneratorTests" name="RandomNumberGeneratorTest" time="4.625"/>
  <testcase classname="tests.RandomNumberGeneratorTests" name="RandomNumberGeneratorTest" time="2.622"/>
  <testcase classname="tests.RandomNumberGeneratorTests" name="RandomNumberGeneratorTest" time="3.013"/>
  <testcase classname="tests.RandomNumberGeneratorTests" name="RandomNumberGeneratorTest" time="2.993"/>
  <testcase classname="tests.RandomNumberGeneratorTests" name="RandomNumberGeneratorTest" time="2.247"/>
  <testcase classname="tests.RandomNumberGeneratorTests" name="RandomNumberGeneratorTest" time="3.195"/>
  <testcase classname="tests.RandomNumberGeneratorTests" name="RandomNumberGeneratorTest" time="2.736"/>
  <testcase classname="tests.RandomNumberGeneratorTests" name="RandomNumberGeneratorTest" time="2.490"/>
  <testcase classname="tests.RandomNumberGeneratorTests" name="RandomNumberGeneratorTest" time="2.628"/>
  <testcase classname="tests.RandomNumberGeneratorTests" name="RandomNumberGeneratorTest" time="3.556"/>
  <testcase classname="tests.RandomNumberGeneratorTests" name="RandomNumberGeneratorTest" time="2.690"/>
</testsuite> <!-- tests.RandomNumberGeneratorTests -->
