<?xml version="1.0" encoding="UTF-8"?>
<!-- Generated by org.testng.reporters.JUnitReportReporter -->
<testsuite hostname="DESKTOP-OM1I456" failures="0" tests="11" name="tests.DateDifferenceTests" time="43.091" errors="0" timestamp="2019-11-11T02:47:40 IST" skipped="0">
  <testcase classname="tests.DateDifferenceTests" name="DateDifference_HardCoded_EdgeCases_Test" time="4.951"/>
  <testcase classname="tests.DateDifferenceTests" name="DateDifference_HardCoded_Sanity_Test" time="3.074"/>
  <testcase classname="tests.DateDifferenceTests" name="DateDifference_HardCoded_Sanity_Test" time="1.796"/>
  <testcase classname="tests.DateDifferenceTests" name="DateDifference_HardCoded_EdgeCases_Test" time="5.672"/>
  <testcase classname="tests.DateDifferenceTests" name="DateDifference_HardCoded_EdgeCases_Test" time="3.849"/>
  <testcase classname="tests.DateDifferenceTests" name="DateDifference_HardCoded_Sanity_Test" time="3.253"/>
  <testcase classname="tests.DateDifferenceTests" name="DateDifference_HardCoded_EdgeCases_Test" time="3.278"/>
  <testcase classname="tests.DateDifferenceTests" name="DateDifference_HardCoded_EdgeCases_Test" time="3.241"/>
  <testcase classname="tests.DateDifferenceTests" name="DateDifference_HardCoded_EdgeCases_Test" time="3.911"/>
  <testcase classname="tests.DateDifferenceTests" name="DateDifference_HardCoded_EdgeCases_Test" time="4.932"/>
  <testcase classname="tests.DateDifferenceTests" name="DateDifference_HardCoded_EdgeCases_Test" time="5.134"/>
</testsuite> <!-- tests.DateDifferenceTests -->
