<?xml version="1.0" encoding="UTF-8"?>
<!-- Generated by org.testng.reporters.JUnitReportReporter -->
<testsuite skipped="0" hostname="Prog-PC" name="tests.RandomNumberGeneratorTests" tests="324" failures="0" timestamp="2019-11-19T12:14:31 IST" time="1560.049" errors="0">
  <testcase name="RandomNumberGeneratorTest" time="3.494" classname="tests.RandomNumberGeneratorTests"/>
  <testcase name="RandomNumberGeneratorTest" time="3.133" classname="tests.RandomNumberGeneratorTests"/>
  <testcase name="RandomNumberGeneratorTest" time="3.167" classname="tests.RandomNumberGeneratorTests"/>
  <testcase name="RandomNumberGeneratorTest" time="3.113" classname="tests.RandomNumberGeneratorTests"/>
  <testcase name="RandomNumberGeneratorTest" time="4.853" classname="tests.RandomNumberGeneratorTests"/>
  <testcase name="RandomNumberGeneratorTest" time="3.495" classname="tests.RandomNumberGeneratorTests"/>
  <testcase name="RandomNumberGeneratorTest" time="2.645" classname="tests.RandomNumberGeneratorTests"/>
  <testcase name="RandomNumberGeneratorTest" time="4.575" classname="tests.RandomNumberGeneratorTests"/>
  <testcase name="RandomNumberGeneratorTest" time="2.949" classname="tests.RandomNumberGeneratorTests"/>
  <testcase name="RandomNumberGeneratorTest" time="4.599" classname="tests.RandomNumberGeneratorTests"/>
  <testcase name="RandomNumberGeneratorTest" time="3.512" classname="tests.RandomNumberGeneratorTests"/>
  <testcase name="RandomNumberGeneratorTest" time="3.004" classname="tests.RandomNumberGeneratorTests"/>
  <testcase name="RandomNumberGeneratorTest" time="5.192" classname="tests.RandomNumberGeneratorTests"/>
  <testcase name="RandomNumberGeneratorTest" time="3.741" classname="tests.RandomNumberGeneratorTests"/>
  <testcase name="RandomNumberGeneratorTest" time="4.030" classname="tests.RandomNumberGeneratorTests"/>
  <testcase name="RandomNumberGeneratorTest" time="4.549" classname="tests.RandomNumberGeneratorTests"/>
  <testcase name="RandomNumberGeneratorTest" time="3.511" classname="tests.RandomNumberGeneratorTests"/>
  <testcase name="RandomNumberGeneratorTest" time="5.208" classname="tests.RandomNumberGeneratorTests"/>
  <testcase name="RandomNumberGeneratorTest" time="5.807" classname="tests.RandomNumberGeneratorTests"/>
  <testcase name="RandomNumberGeneratorTest" time="3.422" classname="tests.RandomNumberGeneratorTests"/>
  <testcase name="RandomNumberGeneratorTest" time="2.939" classname="tests.RandomNumberGeneratorTests"/>
  <testcase name="RandomNumberGeneratorTest" time="3.736" classname="tests.RandomNumberGeneratorTests"/>
  <testcase name="RandomNumberGeneratorTest" time="5.038" classname="tests.RandomNumberGeneratorTests"/>
  <testcase name="RandomNumberGeneratorTest" time="4.647" classname="tests.RandomNumberGeneratorTests"/>
  <testcase name="RandomNumberGeneratorTest" time="3.198" classname="tests.RandomNumberGeneratorTests"/>
  <testcase name="RandomNumberGeneratorTest" time="5.272" classname="tests.RandomNumberGeneratorTests"/>
  <testcase name="RandomNumberGeneratorTest" time="2.815" classname="tests.RandomNumberGeneratorTests"/>
  <testcase name="RandomNumberGeneratorTest" time="3.611" classname="tests.RandomNumberGeneratorTests"/>
  <testcase name="RandomNumberGeneratorTest" time="3.867" classname="tests.RandomNumberGeneratorTests"/>
  <testcase name="RandomNumberGeneratorTest" time="5.736" classname="tests.RandomNumberGeneratorTests"/>
  <testcase name="RandomNumberGeneratorTest" time="3.669" classname="tests.RandomNumberGeneratorTests"/>
  <testcase name="RandomNumberGeneratorTest" time="5.118" classname="tests.RandomNumberGeneratorTests"/>
  <testcase name="RandomNumberGeneratorTest" time="2.489" classname="tests.RandomNumberGeneratorTests"/>
  <testcase name="RandomNumberGeneratorTest" time="3.517" classname="tests.RandomNumberGeneratorTests"/>
  <testcase name="RandomNumberGeneratorTest" time="2.904" classname="tests.RandomNumberGeneratorTests"/>
  <testcase name="RandomNumberGeneratorTest" time="3.160" classname="tests.RandomNumberGeneratorTests"/>
  <testcase name="RandomNumberGeneratorTest" time="24.760" classname="tests.RandomNumberGeneratorTests"/>
  <testcase name="RandomNumberGeneratorTest" time="3.319" classname="tests.RandomNumberGeneratorTests"/>
  <testcase name="RandomNumberGeneratorTest" time="4.427" classname="tests.RandomNumberGeneratorTests"/>
  <testcase name="RandomNumberGeneratorTest" time="3.581" classname="tests.RandomNumberGeneratorTests"/>
  <testcase name="RandomNumberGeneratorTest" time="4.386" classname="tests.RandomNumberGeneratorTests"/>
  <testcase name="RandomNumberGeneratorTest" time="2.901" classname="tests.RandomNumberGeneratorTests"/>
  <testcase name="RandomNumberGeneratorTest" time="4.446" classname="tests.RandomNumberGeneratorTests"/>
  <testcase name="RandomNumberGeneratorTest" time="3.864" classname="tests.RandomNumberGeneratorTests"/>
  <testcase name="RandomNumberGeneratorTest" time="5.598" classname="tests.RandomNumberGeneratorTests"/>
  <testcase name="RandomNumberGeneratorTest" time="4.941" classname="tests.RandomNumberGeneratorTests"/>
  <testcase name="RandomNumberGeneratorTest" time="3.239" classname="tests.RandomNumberGeneratorTests"/>
  <testcase name="RandomNumberGeneratorTest" time="4.054" classname="tests.RandomNumberGeneratorTests"/>
  <testcase name="RandomNumberGeneratorTest" time="4.062" classname="tests.RandomNumberGeneratorTests"/>
  <testcase name="RandomNumberGeneratorTest" time="6.280" classname="tests.RandomNumberGeneratorTests"/>
  <testcase name="RandomNumberGeneratorTest" time="5.215" classname="tests.RandomNumberGeneratorTests"/>
  <testcase name="RandomNumberGeneratorTest" time="3.193" classname="tests.RandomNumberGeneratorTests"/>
  <testcase name="RandomNumberGeneratorTest" time="7.785" classname="tests.RandomNumberGeneratorTests"/>
  <testcase name="RandomNumberGeneratorTest" time="3.505" classname="tests.RandomNumberGeneratorTests"/>
  <testcase name="RandomNumberGeneratorTest" time="4.995" classname="tests.RandomNumberGeneratorTests"/>
  <testcase name="RandomNumberGeneratorTest" time="2.849" classname="tests.RandomNumberGeneratorTests"/>
  <testcase name="RandomNumberGeneratorTest" time="3.847" classname="tests.RandomNumberGeneratorTests"/>
  <testcase name="RandomNumberGeneratorTest" time="3.273" classname="tests.RandomNumberGeneratorTests"/>
  <testcase name="RandomNumberGeneratorTest" time="3.653" classname="tests.RandomNumberGeneratorTests"/>
  <testcase name="RandomNumberGeneratorTest" time="4.915" classname="tests.RandomNumberGeneratorTests"/>
  <testcase name="RandomNumberGeneratorTest" time="4.138" classname="tests.RandomNumberGeneratorTests"/>
  <testcase name="RandomNumberGeneratorTest" time="3.840" classname="tests.RandomNumberGeneratorTests"/>
  <testcase name="RandomNumberGeneratorTest" time="4.751" classname="tests.RandomNumberGeneratorTests"/>
  <testcase name="RandomNumberGeneratorTest" time="2.809" classname="tests.RandomNumberGeneratorTests"/>
  <testcase name="RandomNumberGeneratorTest" time="3.589" classname="tests.RandomNumberGeneratorTests"/>
  <testcase name="RandomNumberGeneratorTest" time="4.836" classname="tests.RandomNumberGeneratorTests"/>
  <testcase name="RandomNumberGeneratorTest" time="4.791" classname="tests.RandomNumberGeneratorTests"/>
  <testcase name="RandomNumberGeneratorTest" time="3.702" classname="tests.RandomNumberGeneratorTests"/>
  <testcase name="RandomNumberGeneratorTest" time="3.260" classname="tests.RandomNumberGeneratorTests"/>
  <testcase name="RandomNumberGeneratorTest" time="3.266" classname="tests.RandomNumberGeneratorTests"/>
  <testcase name="RandomNumberGeneratorTest" time="2.647" classname="tests.RandomNumberGeneratorTests"/>
  <testcase name="RandomNumberGeneratorTest" time="3.685" classname="tests.RandomNumberGeneratorTests"/>
  <testcase name="RandomNumberGeneratorTest" time="2.813" classname="tests.RandomNumberGeneratorTests"/>
  <testcase name="RandomNumberGeneratorTest" time="3.590" classname="tests.RandomNumberGeneratorTests"/>
  <testcase name="RandomNumberGeneratorTest" time="5.508" classname="tests.RandomNumberGeneratorTests"/>
  <testcase name="RandomNumberGeneratorTest" time="4.974" classname="tests.RandomNumberGeneratorTests"/>
  <testcase name="RandomNumberGeneratorTest" time="24.334" classname="tests.RandomNumberGeneratorTests"/>
  <testcase name="RandomNumberGeneratorTest" time="3.212" classname="tests.RandomNumberGeneratorTests"/>
  <testcase name="RandomNumberGeneratorTest" time="6.697" classname="tests.RandomNumberGeneratorTests"/>
  <testcase name="RandomNumberGeneratorTest" time="3.262" classname="tests.RandomNumberGeneratorTests"/>
  <testcase name="RandomNumberGeneratorTest" time="2.997" classname="tests.RandomNumberGeneratorTests"/>
  <testcase name="RandomNumberGeneratorTest" time="2.756" classname="tests.RandomNumberGeneratorTests"/>
  <testcase name="RandomNumberGeneratorTest" time="4.353" classname="tests.RandomNumberGeneratorTests"/>
  <testcase name="RandomNumberGeneratorTest" time="3.465" classname="tests.RandomNumberGeneratorTests"/>
  <testcase name="RandomNumberGeneratorTest" time="3.024" classname="tests.RandomNumberGeneratorTests"/>
  <testcase name="RandomNumberGeneratorTest" time="4.295" classname="tests.RandomNumberGeneratorTests"/>
  <testcase name="RandomNumberGeneratorTest" time="3.424" classname="tests.RandomNumberGeneratorTests"/>
  <testcase name="RandomNumberGeneratorTest" time="3.068" classname="tests.RandomNumberGeneratorTests"/>
  <testcase name="RandomNumberGeneratorTest" time="2.641" classname="tests.RandomNumberGeneratorTests"/>
  <testcase name="RandomNumberGeneratorTest" time="4.726" classname="tests.RandomNumberGeneratorTests"/>
  <testcase name="RandomNumberGeneratorTest" time="3.390" classname="tests.RandomNumberGeneratorTests"/>
  <testcase name="RandomNumberGeneratorTest" time="3.400" classname="tests.RandomNumberGeneratorTests"/>
  <testcase name="RandomNumberGeneratorTest" time="3.224" classname="tests.RandomNumberGeneratorTests"/>
  <testcase name="RandomNumberGeneratorTest" time="24.165" classname="tests.RandomNumberGeneratorTests"/>
  <testcase name="RandomNumberGeneratorTest" time="2.528" classname="tests.RandomNumberGeneratorTests"/>
  <testcase name="RandomNumberGeneratorTest" time="2.253" classname="tests.RandomNumberGeneratorTests"/>
  <testcase name="RandomNumberGeneratorTest" time="3.156" classname="tests.RandomNumberGeneratorTests"/>
  <testcase name="RandomNumberGeneratorTest" time="6.080" classname="tests.RandomNumberGeneratorTests"/>
  <testcase name="RandomNumberGeneratorTest" time="3.725" classname="tests.RandomNumberGeneratorTests"/>
  <testcase name="RandomNumberGeneratorTest" time="3.031" classname="tests.RandomNumberGeneratorTests"/>
  <testcase name="RandomNumberGeneratorTest" time="3.414" classname="tests.RandomNumberGeneratorTests"/>
  <testcase name="RandomNumberGeneratorTest" time="2.807" classname="tests.RandomNumberGeneratorTests"/>
  <testcase name="RandomNumberGeneratorTest" time="4.146" classname="tests.RandomNumberGeneratorTests"/>
  <testcase name="RandomNumberGeneratorTest" time="3.114" classname="tests.RandomNumberGeneratorTests"/>
  <testcase name="RandomNumberGeneratorTest" time="3.492" classname="tests.RandomNumberGeneratorTests"/>
  <testcase name="RandomNumberGeneratorTest" time="3.210" classname="tests.RandomNumberGeneratorTests"/>
  <testcase name="RandomNumberGeneratorTest" time="5.786" classname="tests.RandomNumberGeneratorTests"/>
  <testcase name="RandomNumberGeneratorTest" time="3.121" classname="tests.RandomNumberGeneratorTests"/>
  <testcase name="RandomNumberGeneratorTest" time="5.425" classname="tests.RandomNumberGeneratorTests"/>
  <testcase name="RandomNumberGeneratorTest" time="3.413" classname="tests.RandomNumberGeneratorTests"/>
  <testcase name="RandomNumberGeneratorTest" time="3.340" classname="tests.RandomNumberGeneratorTests"/>
  <testcase name="RandomNumberGeneratorTest" time="3.475" classname="tests.RandomNumberGeneratorTests"/>
  <testcase name="RandomNumberGeneratorTest" time="5.763" classname="tests.RandomNumberGeneratorTests"/>
  <testcase name="RandomNumberGeneratorTest" time="3.137" classname="tests.RandomNumberGeneratorTests"/>
  <testcase name="RandomNumberGeneratorTest" time="2.686" classname="tests.RandomNumberGeneratorTests"/>
  <testcase name="RandomNumberGeneratorTest" time="3.287" classname="tests.RandomNumberGeneratorTests"/>
  <testcase name="RandomNumberGeneratorTest" time="25.686" classname="tests.RandomNumberGeneratorTests"/>
  <testcase name="RandomNumberGeneratorTest" time="3.244" classname="tests.RandomNumberGeneratorTests"/>
  <testcase name="RandomNumberGeneratorTest" time="2.696" classname="tests.RandomNumberGeneratorTests"/>
  <testcase name="RandomNumberGeneratorTest" time="3.515" classname="tests.RandomNumberGeneratorTests"/>
  <testcase name="RandomNumberGeneratorTest" time="3.213" classname="tests.RandomNumberGeneratorTests"/>
  <testcase name="RandomNumberGeneratorTest" time="3.333" classname="tests.RandomNumberGeneratorTests"/>
  <testcase name="RandomNumberGeneratorTest" time="2.740" classname="tests.RandomNumberGeneratorTests"/>
  <testcase name="RandomNumberGeneratorTest" time="4.154" classname="tests.RandomNumberGeneratorTests"/>
  <testcase name="RandomNumberGeneratorTest" time="2.918" classname="tests.RandomNumberGeneratorTests"/>
  <testcase name="RandomNumberGeneratorTest" time="4.164" classname="tests.RandomNumberGeneratorTests"/>
  <testcase name="RandomNumberGeneratorTest" time="3.412" classname="tests.RandomNumberGeneratorTests"/>
  <testcase name="RandomNumberGeneratorTest" time="3.107" classname="tests.RandomNumberGeneratorTests"/>
  <testcase name="RandomNumberGeneratorTest" time="5.047" classname="tests.RandomNumberGeneratorTests"/>
  <testcase name="RandomNumberGeneratorTest" time="3.591" classname="tests.RandomNumberGeneratorTests"/>
  <testcase name="RandomNumberGeneratorTest" time="3.201" classname="tests.RandomNumberGeneratorTests"/>
  <testcase name="RandomNumberGeneratorTest" time="3.614" classname="tests.RandomNumberGeneratorTests"/>
  <testcase name="RandomNumberGeneratorTest" time="3.741" classname="tests.RandomNumberGeneratorTests"/>
  <testcase name="RandomNumberGeneratorTest" time="3.408" classname="tests.RandomNumberGeneratorTests"/>
  <testcase name="RandomNumberGeneratorTest" time="4.965" classname="tests.RandomNumberGeneratorTests"/>
  <testcase name="RandomNumberGeneratorTest" time="19.918" classname="tests.RandomNumberGeneratorTests"/>
  <testcase name="RandomNumberGeneratorTest" time="3.036" classname="tests.RandomNumberGeneratorTests"/>
  <testcase name="RandomNumberGeneratorTest" time="6.002" classname="tests.RandomNumberGeneratorTests"/>
  <testcase name="RandomNumberGeneratorTest" time="2.960" classname="tests.RandomNumberGeneratorTests"/>
  <testcase name="RandomNumberGeneratorTest" time="2.566" classname="tests.RandomNumberGeneratorTests"/>
  <testcase name="RandomNumberGeneratorTest" time="3.731" classname="tests.RandomNumberGeneratorTests"/>
  <testcase name="RandomNumberGeneratorTest" time="3.424" classname="tests.RandomNumberGeneratorTests"/>
  <testcase name="RandomNumberGeneratorTest" time="3.349" classname="tests.RandomNumberGeneratorTests"/>
  <testcase name="RandomNumberGeneratorTest" time="4.779" classname="tests.RandomNumberGeneratorTests"/>
  <testcase name="RandomNumberGeneratorTest" time="25.213" classname="tests.RandomNumberGeneratorTests"/>
  <testcase name="RandomNumberGeneratorTest" time="3.764" classname="tests.RandomNumberGeneratorTests"/>
  <testcase name="RandomNumberGeneratorTest" time="3.242" classname="tests.RandomNumberGeneratorTests"/>
  <testcase name="RandomNumberGeneratorTest" time="4.298" classname="tests.RandomNumberGeneratorTests"/>
  <testcase name="RandomNumberGeneratorTest" time="3.042" classname="tests.RandomNumberGeneratorTests"/>
  <testcase name="RandomNumberGeneratorTest" time="4.532" classname="tests.RandomNumberGeneratorTests"/>
  <testcase name="RandomNumberGeneratorTest" time="3.167" classname="tests.RandomNumberGeneratorTests"/>
  <testcase name="RandomNumberGeneratorTest" time="5.407" classname="tests.RandomNumberGeneratorTests"/>
  <testcase name="RandomNumberGeneratorTest" time="5.391" classname="tests.RandomNumberGeneratorTests"/>
  <testcase name="RandomNumberGeneratorTest" time="3.072" classname="tests.RandomNumberGeneratorTests"/>
  <testcase name="RandomNumberGeneratorTest" time="24.566" classname="tests.RandomNumberGeneratorTests"/>
  <testcase name="RandomNumberGeneratorTest" time="3.185" classname="tests.RandomNumberGeneratorTests"/>
  <testcase name="RandomNumberGeneratorTest" time="2.866" classname="tests.RandomNumberGeneratorTests"/>
  <testcase name="RandomNumberGeneratorTest" time="4.054" classname="tests.RandomNumberGeneratorTests"/>
  <testcase name="RandomNumberGeneratorTest" time="4.017" classname="tests.RandomNumberGeneratorTests"/>
  <testcase name="RandomNumberGeneratorTest" time="2.787" classname="tests.RandomNumberGeneratorTests"/>
  <testcase name="RandomNumberGeneratorTest" time="19.640" classname="tests.RandomNumberGeneratorTests"/>
  <testcase name="RandomNumberGeneratorTest" time="4.667" classname="tests.RandomNumberGeneratorTests"/>
  <testcase name="RandomNumberGeneratorTest" time="2.716" classname="tests.RandomNumberGeneratorTests"/>
  <testcase name="RandomNumberGeneratorTest" time="3.188" classname="tests.RandomNumberGeneratorTests"/>
  <testcase name="RandomNumberGeneratorTest" time="5.306" classname="tests.RandomNumberGeneratorTests"/>
  <testcase name="RandomNumberGeneratorTest" time="2.918" classname="tests.RandomNumberGeneratorTests"/>
  <testcase name="RandomNumberGeneratorTest" time="5.551" classname="tests.RandomNumberGeneratorTests"/>
  <testcase name="RandomNumberGeneratorTest" time="4.742" classname="tests.RandomNumberGeneratorTests"/>
  <testcase name="RandomNumberGeneratorTest" time="5.249" classname="tests.RandomNumberGeneratorTests"/>
  <testcase name="RandomNumberGeneratorTest" time="3.107" classname="tests.RandomNumberGeneratorTests"/>
  <testcase name="RandomNumberGeneratorTest" time="3.519" classname="tests.RandomNumberGeneratorTests"/>
  <testcase name="RandomNumberGeneratorTest" time="3.199" classname="tests.RandomNumberGeneratorTests"/>
  <testcase name="RandomNumberGeneratorTest" time="7.591" classname="tests.RandomNumberGeneratorTests"/>
  <testcase name="RandomNumberGeneratorTest" time="18.348" classname="tests.RandomNumberGeneratorTests"/>
  <testcase name="RandomNumberGeneratorTest" time="3.985" classname="tests.RandomNumberGeneratorTests"/>
  <testcase name="RandomNumberGeneratorTest" time="2.602" classname="tests.RandomNumberGeneratorTests"/>
  <testcase name="RandomNumberGeneratorTest" time="5.714" classname="tests.RandomNumberGeneratorTests"/>
  <testcase name="RandomNumberGeneratorTest" time="3.916" classname="tests.RandomNumberGeneratorTests"/>
  <testcase name="RandomNumberGeneratorTest" time="3.281" classname="tests.RandomNumberGeneratorTests"/>
  <testcase name="RandomNumberGeneratorTest" time="3.678" classname="tests.RandomNumberGeneratorTests"/>
  <testcase name="RandomNumberGeneratorTest" time="4.677" classname="tests.RandomNumberGeneratorTests"/>
  <testcase name="RandomNumberGeneratorTest" time="3.464" classname="tests.RandomNumberGeneratorTests"/>
  <testcase name="RandomNumberGeneratorTest" time="3.554" classname="tests.RandomNumberGeneratorTests"/>
  <testcase name="RandomNumberGeneratorTest" time="3.695" classname="tests.RandomNumberGeneratorTests"/>
  <testcase name="RandomNumberGeneratorTest" time="3.684" classname="tests.RandomNumberGeneratorTests"/>
  <testcase name="RandomNumberGeneratorTest" time="2.778" classname="tests.RandomNumberGeneratorTests"/>
  <testcase name="RandomNumberGeneratorTest" time="2.397" classname="tests.RandomNumberGeneratorTests"/>
  <testcase name="RandomNumberGeneratorTest" time="3.250" classname="tests.RandomNumberGeneratorTests"/>
  <testcase name="RandomNumberGeneratorTest" time="3.278" classname="tests.RandomNumberGeneratorTests"/>
  <testcase name="RandomNumberGeneratorTest" time="5.315" classname="tests.RandomNumberGeneratorTests"/>
  <testcase name="RandomNumberGeneratorTest" time="24.518" classname="tests.RandomNumberGeneratorTests"/>
  <testcase name="RandomNumberGeneratorTest" time="3.462" classname="tests.RandomNumberGeneratorTests"/>
  <testcase name="RandomNumberGeneratorTest" time="3.173" classname="tests.RandomNumberGeneratorTests"/>
  <testcase name="RandomNumberGeneratorTest" time="3.435" classname="tests.RandomNumberGeneratorTests"/>
  <testcase name="RandomNumberGeneratorTest" time="6.978" classname="tests.RandomNumberGeneratorTests"/>
  <testcase name="RandomNumberGeneratorTest" time="3.108" classname="tests.RandomNumberGeneratorTests"/>
  <testcase name="RandomNumberGeneratorTest" time="2.378" classname="tests.RandomNumberGeneratorTests"/>
  <testcase name="RandomNumberGeneratorTest" time="4.769" classname="tests.RandomNumberGeneratorTests"/>
  <testcase name="RandomNumberGeneratorTest" time="3.215" classname="tests.RandomNumberGeneratorTests"/>
  <testcase name="RandomNumberGeneratorTest" time="3.001" classname="tests.RandomNumberGeneratorTests"/>
  <testcase name="RandomNumberGeneratorTest" time="4.336" classname="tests.RandomNumberGeneratorTests"/>
  <testcase name="RandomNumberGeneratorTest" time="4.532" classname="tests.RandomNumberGeneratorTests"/>
  <testcase name="RandomNumberGeneratorTest" time="2.674" classname="tests.RandomNumberGeneratorTests"/>
  <testcase name="RandomNumberGeneratorTest" time="3.057" classname="tests.RandomNumberGeneratorTests"/>
  <testcase name="RandomNumberGeneratorTest" time="3.495" classname="tests.RandomNumberGeneratorTests"/>
  <testcase name="RandomNumberGeneratorTest" time="2.972" classname="tests.RandomNumberGeneratorTests"/>
  <testcase name="RandomNumberGeneratorTest" time="3.745" classname="tests.RandomNumberGeneratorTests"/>
  <testcase name="RandomNumberGeneratorTest" time="3.014" classname="tests.RandomNumberGeneratorTests"/>
  <testcase name="RandomNumberGeneratorTest" time="4.217" classname="tests.RandomNumberGeneratorTests"/>
  <testcase name="RandomNumberGeneratorTest" time="3.478" classname="tests.RandomNumberGeneratorTests"/>
  <testcase name="RandomNumberGeneratorTest" time="4.255" classname="tests.RandomNumberGeneratorTests"/>
  <testcase name="RandomNumberGeneratorTest" time="3.800" classname="tests.RandomNumberGeneratorTests"/>
  <testcase name="RandomNumberGeneratorTest" time="6.349" classname="tests.RandomNumberGeneratorTests"/>
  <testcase name="RandomNumberGeneratorTest" time="3.304" classname="tests.RandomNumberGeneratorTests"/>
  <testcase name="RandomNumberGeneratorTest" time="4.965" classname="tests.RandomNumberGeneratorTests"/>
  <testcase name="RandomNumberGeneratorTest" time="5.328" classname="tests.RandomNumberGeneratorTests"/>
  <testcase name="RandomNumberGeneratorTest" time="18.445" classname="tests.RandomNumberGeneratorTests"/>
  <testcase name="RandomNumberGeneratorTest" time="5.104" classname="tests.RandomNumberGeneratorTests"/>
  <testcase name="RandomNumberGeneratorTest" time="4.677" classname="tests.RandomNumberGeneratorTests"/>
  <testcase name="RandomNumberGeneratorTest" time="17.638" classname="tests.RandomNumberGeneratorTests"/>
  <testcase name="RandomNumberGeneratorTest" time="2.774" classname="tests.RandomNumberGeneratorTests"/>
  <testcase name="RandomNumberGeneratorTest" time="4.253" classname="tests.RandomNumberGeneratorTests"/>
  <testcase name="RandomNumberGeneratorTest" time="3.400" classname="tests.RandomNumberGeneratorTests"/>
  <testcase name="RandomNumberGeneratorTest" time="2.536" classname="tests.RandomNumberGeneratorTests"/>
  <testcase name="RandomNumberGeneratorTest" time="3.919" classname="tests.RandomNumberGeneratorTests"/>
  <testcase name="RandomNumberGeneratorTest" time="3.780" classname="tests.RandomNumberGeneratorTests"/>
  <testcase name="RandomNumberGeneratorTest" time="5.117" classname="tests.RandomNumberGeneratorTests"/>
  <testcase name="RandomNumberGeneratorTest" time="4.951" classname="tests.RandomNumberGeneratorTests"/>
  <testcase name="RandomNumberGeneratorTest" time="2.984" classname="tests.RandomNumberGeneratorTests"/>
  <testcase name="RandomNumberGeneratorTest" time="4.807" classname="tests.RandomNumberGeneratorTests"/>
  <testcase name="RandomNumberGeneratorTest" time="3.438" classname="tests.RandomNumberGeneratorTests"/>
  <testcase name="RandomNumberGeneratorTest" time="2.591" classname="tests.RandomNumberGeneratorTests"/>
  <testcase name="RandomNumberGeneratorTest" time="3.158" classname="tests.RandomNumberGeneratorTests"/>
  <testcase name="RandomNumberGeneratorTest" time="3.072" classname="tests.RandomNumberGeneratorTests"/>
  <testcase name="RandomNumberGeneratorTest" time="6.079" classname="tests.RandomNumberGeneratorTests"/>
  <testcase name="RandomNumberGeneratorTest" time="3.772" classname="tests.RandomNumberGeneratorTests"/>
  <testcase name="RandomNumberGeneratorTest" time="3.071" classname="tests.RandomNumberGeneratorTests"/>
  <testcase name="RandomNumberGeneratorTest" time="2.537" classname="tests.RandomNumberGeneratorTests"/>
  <testcase name="RandomNumberGeneratorTest" time="4.552" classname="tests.RandomNumberGeneratorTests"/>
  <testcase name="RandomNumberGeneratorTest" time="26.354" classname="tests.RandomNumberGeneratorTests"/>
  <testcase name="RandomNumberGeneratorTest" time="2.745" classname="tests.RandomNumberGeneratorTests"/>
  <testcase name="RandomNumberGeneratorTest" time="3.978" classname="tests.RandomNumberGeneratorTests"/>
  <testcase name="RandomNumberGeneratorTest" time="3.383" classname="tests.RandomNumberGeneratorTests"/>
  <testcase name="RandomNumberGeneratorTest" time="6.900" classname="tests.RandomNumberGeneratorTests"/>
  <testcase name="RandomNumberGeneratorTest" time="3.561" classname="tests.RandomNumberGeneratorTests"/>
  <testcase name="RandomNumberGeneratorTest" time="19.098" classname="tests.RandomNumberGeneratorTests"/>
  <testcase name="RandomNumberGeneratorTest" time="2.749" classname="tests.RandomNumberGeneratorTests"/>
  <testcase name="RandomNumberGeneratorTest" time="3.308" classname="tests.RandomNumberGeneratorTests"/>
  <testcase name="RandomNumberGeneratorTest" time="3.477" classname="tests.RandomNumberGeneratorTests"/>
  <testcase name="RandomNumberGeneratorTest" time="3.840" classname="tests.RandomNumberGeneratorTests"/>
  <testcase name="RandomNumberGeneratorTest" time="5.242" classname="tests.RandomNumberGeneratorTests"/>
  <testcase name="RandomNumberGeneratorTest" time="4.730" classname="tests.RandomNumberGeneratorTests"/>
  <testcase name="RandomNumberGeneratorTest" time="3.872" classname="tests.RandomNumberGeneratorTests"/>
  <testcase name="RandomNumberGeneratorTest" time="3.317" classname="tests.RandomNumberGeneratorTests"/>
  <testcase name="RandomNumberGeneratorTest" time="3.755" classname="tests.RandomNumberGeneratorTests"/>
  <testcase name="RandomNumberGeneratorTest" time="3.578" classname="tests.RandomNumberGeneratorTests"/>
  <testcase name="RandomNumberGeneratorTest" time="3.703" classname="tests.RandomNumberGeneratorTests"/>
  <testcase name="RandomNumberGeneratorTest" time="5.053" classname="tests.RandomNumberGeneratorTests"/>
  <testcase name="RandomNumberGeneratorTest" time="6.010" classname="tests.RandomNumberGeneratorTests"/>
  <testcase name="RandomNumberGeneratorTest" time="3.608" classname="tests.RandomNumberGeneratorTests"/>
  <testcase name="RandomNumberGeneratorTest" time="5.028" classname="tests.RandomNumberGeneratorTests"/>
  <testcase name="RandomNumberGeneratorTest" time="3.796" classname="tests.RandomNumberGeneratorTests"/>
  <testcase name="RandomNumberGeneratorTest" time="3.537" classname="tests.RandomNumberGeneratorTests"/>
  <testcase name="RandomNumberGeneratorTest" time="2.844" classname="tests.RandomNumberGeneratorTests"/>
  <testcase name="RandomNumberGeneratorTest" time="2.908" classname="tests.RandomNumberGeneratorTests"/>
  <testcase name="RandomNumberGeneratorTest" time="3.463" classname="tests.RandomNumberGeneratorTests"/>
  <testcase name="RandomNumberGeneratorTest" time="2.724" classname="tests.RandomNumberGeneratorTests"/>
  <testcase name="RandomNumberGeneratorTest" time="4.830" classname="tests.RandomNumberGeneratorTests"/>
  <testcase name="RandomNumberGeneratorTest" time="8.094" classname="tests.RandomNumberGeneratorTests"/>
  <testcase name="RandomNumberGeneratorTest" time="4.549" classname="tests.RandomNumberGeneratorTests"/>
  <testcase name="RandomNumberGeneratorTest" time="3.533" classname="tests.RandomNumberGeneratorTests"/>
  <testcase name="RandomNumberGeneratorTest" time="3.541" classname="tests.RandomNumberGeneratorTests"/>
  <testcase name="RandomNumberGeneratorTest" time="3.996" classname="tests.RandomNumberGeneratorTests"/>
  <testcase name="RandomNumberGeneratorTest" time="2.913" classname="tests.RandomNumberGeneratorTests"/>
  <testcase name="RandomNumberGeneratorTest" time="5.176" classname="tests.RandomNumberGeneratorTests"/>
  <testcase name="RandomNumberGeneratorTest" time="2.885" classname="tests.RandomNumberGeneratorTests"/>
  <testcase name="RandomNumberGeneratorTest" time="5.402" classname="tests.RandomNumberGeneratorTests"/>
  <testcase name="RandomNumberGeneratorTest" time="6.399" classname="tests.RandomNumberGeneratorTests"/>
  <testcase name="RandomNumberGeneratorTest" time="24.505" classname="tests.RandomNumberGeneratorTests"/>
  <testcase name="RandomNumberGeneratorTest" time="3.346" classname="tests.RandomNumberGeneratorTests"/>
  <testcase name="RandomNumberGeneratorTest" time="5.368" classname="tests.RandomNumberGeneratorTests"/>
  <testcase name="RandomNumberGeneratorTest" time="4.273" classname="tests.RandomNumberGeneratorTests"/>
  <testcase name="RandomNumberGeneratorTest" time="2.863" classname="tests.RandomNumberGeneratorTests"/>
  <testcase name="RandomNumberGeneratorTest" time="3.328" classname="tests.RandomNumberGeneratorTests"/>
  <testcase name="RandomNumberGeneratorTest" time="4.190" classname="tests.RandomNumberGeneratorTests"/>
  <testcase name="RandomNumberGeneratorTest" time="3.513" classname="tests.RandomNumberGeneratorTests"/>
  <testcase name="RandomNumberGeneratorTest" time="4.205" classname="tests.RandomNumberGeneratorTests"/>
  <testcase name="RandomNumberGeneratorTest" time="5.443" classname="tests.RandomNumberGeneratorTests"/>
  <testcase name="RandomNumberGeneratorTest" time="3.075" classname="tests.RandomNumberGeneratorTests"/>
  <testcase name="RandomNumberGeneratorTest" time="3.062" classname="tests.RandomNumberGeneratorTests"/>
  <testcase name="RandomNumberGeneratorTest" time="4.532" classname="tests.RandomNumberGeneratorTests"/>
  <testcase name="RandomNumberGeneratorTest" time="23.448" classname="tests.RandomNumberGeneratorTests"/>
  <testcase name="RandomNumberGeneratorTest" time="5.856" classname="tests.RandomNumberGeneratorTests"/>
  <testcase name="RandomNumberGeneratorTest" time="3.360" classname="tests.RandomNumberGeneratorTests"/>
  <testcase name="RandomNumberGeneratorTest" time="2.587" classname="tests.RandomNumberGeneratorTests"/>
  <testcase name="RandomNumberGeneratorTest" time="4.706" classname="tests.RandomNumberGeneratorTests"/>
  <testcase name="RandomNumberGeneratorTest" time="4.311" classname="tests.RandomNumberGeneratorTests"/>
  <testcase name="RandomNumberGeneratorTest" time="3.497" classname="tests.RandomNumberGeneratorTests"/>
  <testcase name="RandomNumberGeneratorTest" time="3.179" classname="tests.RandomNumberGeneratorTests"/>
  <testcase name="RandomNumberGeneratorTest" time="3.166" classname="tests.RandomNumberGeneratorTests"/>
  <testcase name="RandomNumberGeneratorTest" time="4.673" classname="tests.RandomNumberGeneratorTests"/>
  <testcase name="RandomNumberGeneratorTest" time="5.452" classname="tests.RandomNumberGeneratorTests"/>
  <testcase name="RandomNumberGeneratorTest" time="4.156" classname="tests.RandomNumberGeneratorTests"/>
  <testcase name="RandomNumberGeneratorTest" time="4.088" classname="tests.RandomNumberGeneratorTests"/>
  <testcase name="RandomNumberGeneratorTest" time="4.313" classname="tests.RandomNumberGeneratorTests"/>
  <testcase name="RandomNumberGeneratorTest" time="2.742" classname="tests.RandomNumberGeneratorTests"/>
  <testcase name="RandomNumberGeneratorTest" time="3.556" classname="tests.RandomNumberGeneratorTests"/>
  <testcase name="RandomNumberGeneratorTest" time="4.918" classname="tests.RandomNumberGeneratorTests"/>
  <testcase name="RandomNumberGeneratorTest" time="2.556" classname="tests.RandomNumberGeneratorTests"/>
  <testcase name="RandomNumberGeneratorTest" time="3.444" classname="tests.RandomNumberGeneratorTests"/>
  <testcase name="RandomNumberGeneratorTest" time="3.220" classname="tests.RandomNumberGeneratorTests"/>
  <testcase name="RandomNumberGeneratorTest" time="4.550" classname="tests.RandomNumberGeneratorTests"/>
  <testcase name="RandomNumberGeneratorTest" time="4.082" classname="tests.RandomNumberGeneratorTests"/>
  <testcase name="RandomNumberGeneratorTest" time="4.028" classname="tests.RandomNumberGeneratorTests"/>
  <testcase name="RandomNumberGeneratorTest" time="3.704" classname="tests.RandomNumberGeneratorTests"/>
  <testcase name="RandomNumberGeneratorTest" time="3.344" classname="tests.RandomNumberGeneratorTests"/>
  <testcase name="RandomNumberGeneratorTest" time="3.734" classname="tests.RandomNumberGeneratorTests"/>
  <testcase name="RandomNumberGeneratorTest" time="4.466" classname="tests.RandomNumberGeneratorTests"/>
  <testcase name="RandomNumberGeneratorTest" time="3.109" classname="tests.RandomNumberGeneratorTests"/>
  <testcase name="RandomNumberGeneratorTest" time="4.515" classname="tests.RandomNumberGeneratorTests"/>
  <testcase name="RandomNumberGeneratorTest" time="4.346" classname="tests.RandomNumberGeneratorTests"/>
  <testcase name="RandomNumberGeneratorTest" time="5.732" classname="tests.RandomNumberGeneratorTests"/>
  <testcase name="RandomNumberGeneratorTest" time="2.965" classname="tests.RandomNumberGeneratorTests"/>
  <testcase name="RandomNumberGeneratorTest" time="3.501" classname="tests.RandomNumberGeneratorTests"/>
</testsuite> <!-- tests.RandomNumberGeneratorTests -->
