<?xml version="1.0" encoding="UTF-8"?>
<!-- Generated by org.testng.reporters.JUnitReportReporter -->
<testsuite skipped="0" hostname="Prog-PC" name="tests.DateDifferenceTests" tests="11" failures="0" timestamp="2019-11-19T12:14:31 IST" time="350.878" errors="0">
  <testcase name="DateDifference_HardCoded_EdgeCases_Test" time="24.248" classname="tests.DateDifferenceTests"/>
  <testcase name="DateDifference_HardCoded_EdgeCases_Test" time="25.646" classname="tests.DateDifferenceTests"/>
  <testcase name="DateDifference_HardCoded_EdgeCases_Test" time="24.275" classname="tests.DateDifferenceTests"/>
  <testcase name="DateDifference_HardCoded_EdgeCases_Test" time="45.390" classname="tests.DateDifferenceTests"/>
  <testcase name="DateDifference_HardCoded_Sanity_Test" time="45.460" classname="tests.DateDifferenceTests"/>
  <testcase name="DateDifference_HardCoded_EdgeCases_Test" time="24.136" classname="tests.DateDifferenceTests"/>
  <testcase name="DateDifference_HardCoded_EdgeCases_Test" time="45.453" classname="tests.DateDifferenceTests"/>
  <testcase name="DateDifference_HardCoded_EdgeCases_Test" time="45.271" classname="tests.DateDifferenceTests"/>
  <testcase name="DateDifference_HardCoded_EdgeCases_Test" time="24.693" classname="tests.DateDifferenceTests"/>
  <testcase name="DateDifference_HardCoded_Sanity_Test" time="45.380" classname="tests.DateDifferenceTests"/>
  <testcase name="DateDifference_HardCoded_Sanity_Test" time="0.926" classname="tests.DateDifferenceTests"/>
</testsuite> <!-- tests.DateDifferenceTests -->
