<?xml version="1.0" encoding="UTF-8"?>
<!-- Generated by org.testng.reporters.JUnitReportReporter -->
<testsuite hostname="DESKTOP-OM1I456" failures="0" tests="324" name="tests.RandomNumberGeneratorTests" time="646.764" errors="0" timestamp="2019-10-29T15:11:08 IST" skipped="0">
  <testcase classname="tests.RandomNumberGeneratorTests" name="RandomNumberGeneratorTest" time="1.900"/>
  <testcase classname="tests.RandomNumberGeneratorTests" name="RandomNumberGeneratorTest" time="1.797"/>
  <testcase classname="tests.RandomNumberGeneratorTests" name="RandomNumberGeneratorTest" time="2.537"/>
  <testcase classname="tests.RandomNumberGeneratorTests" name="RandomNumberGeneratorTest" time="1.254"/>
  <testcase classname="tests.RandomNumberGeneratorTests" name="RandomNumberGeneratorTest" time="2.905"/>
  <testcase classname="tests.RandomNumberGeneratorTests" name="RandomNumberGeneratorTest" time="1.669"/>
  <testcase classname="tests.RandomNumberGeneratorTests" name="RandomNumberGeneratorTest" time="1.333"/>
  <testcase classname="tests.RandomNumberGeneratorTests" name="RandomNumberGeneratorTest" time="1.969"/>
  <testcase classname="tests.RandomNumberGeneratorTests" name="RandomNumberGeneratorTest" time="1.556"/>
  <testcase classname="tests.RandomNumberGeneratorTests" name="RandomNumberGeneratorTest" time="2.040"/>
  <testcase classname="tests.RandomNumberGeneratorTests" name="RandomNumberGeneratorTest" time="3.992"/>
  <testcase classname="tests.RandomNumberGeneratorTests" name="RandomNumberGeneratorTest" time="3.108"/>
  <testcase classname="tests.RandomNumberGeneratorTests" name="RandomNumberGeneratorTest" time="1.622"/>
  <testcase classname="tests.RandomNumberGeneratorTests" name="RandomNumberGeneratorTest" time="1.895"/>
  <testcase classname="tests.RandomNumberGeneratorTests" name="RandomNumberGeneratorTest" time="2.015"/>
  <testcase classname="tests.RandomNumberGeneratorTests" name="RandomNumberGeneratorTest" time="1.325"/>
  <testcase classname="tests.RandomNumberGeneratorTests" name="RandomNumberGeneratorTest" time="1.535"/>
  <testcase classname="tests.RandomNumberGeneratorTests" name="RandomNumberGeneratorTest" time="2.440"/>
  <testcase classname="tests.RandomNumberGeneratorTests" name="RandomNumberGeneratorTest" time="2.797"/>
  <testcase classname="tests.RandomNumberGeneratorTests" name="RandomNumberGeneratorTest" time="1.518"/>
  <testcase classname="tests.RandomNumberGeneratorTests" name="RandomNumberGeneratorTest" time="3.148"/>
  <testcase classname="tests.RandomNumberGeneratorTests" name="RandomNumberGeneratorTest" time="3.269"/>
  <testcase classname="tests.RandomNumberGeneratorTests" name="RandomNumberGeneratorTest" time="1.770"/>
  <testcase classname="tests.RandomNumberGeneratorTests" name="RandomNumberGeneratorTest" time="1.914"/>
  <testcase classname="tests.RandomNumberGeneratorTests" name="RandomNumberGeneratorTest" time="1.663"/>
  <testcase classname="tests.RandomNumberGeneratorTests" name="RandomNumberGeneratorTest" time="1.734"/>
  <testcase classname="tests.RandomNumberGeneratorTests" name="RandomNumberGeneratorTest" time="1.871"/>
  <testcase classname="tests.RandomNumberGeneratorTests" name="RandomNumberGeneratorTest" time="1.552"/>
  <testcase classname="tests.RandomNumberGeneratorTests" name="RandomNumberGeneratorTest" time="1.770"/>
  <testcase classname="tests.RandomNumberGeneratorTests" name="RandomNumberGeneratorTest" time="1.426"/>
  <testcase classname="tests.RandomNumberGeneratorTests" name="RandomNumberGeneratorTest" time="2.317"/>
  <testcase classname="tests.RandomNumberGeneratorTests" name="RandomNumberGeneratorTest" time="1.888"/>
  <testcase classname="tests.RandomNumberGeneratorTests" name="RandomNumberGeneratorTest" time="1.990"/>
  <testcase classname="tests.RandomNumberGeneratorTests" name="RandomNumberGeneratorTest" time="1.348"/>
  <testcase classname="tests.RandomNumberGeneratorTests" name="RandomNumberGeneratorTest" time="1.662"/>
  <testcase classname="tests.RandomNumberGeneratorTests" name="RandomNumberGeneratorTest" time="1.745"/>
  <testcase classname="tests.RandomNumberGeneratorTests" name="RandomNumberGeneratorTest" time="1.315"/>
  <testcase classname="tests.RandomNumberGeneratorTests" name="RandomNumberGeneratorTest" time="2.621"/>
  <testcase classname="tests.RandomNumberGeneratorTests" name="RandomNumberGeneratorTest" time="2.241"/>
  <testcase classname="tests.RandomNumberGeneratorTests" name="RandomNumberGeneratorTest" time="2.677"/>
  <testcase classname="tests.RandomNumberGeneratorTests" name="RandomNumberGeneratorTest" time="1.220"/>
  <testcase classname="tests.RandomNumberGeneratorTests" name="RandomNumberGeneratorTest" time="3.243"/>
  <testcase classname="tests.RandomNumberGeneratorTests" name="RandomNumberGeneratorTest" time="1.823"/>
  <testcase classname="tests.RandomNumberGeneratorTests" name="RandomNumberGeneratorTest" time="1.546"/>
  <testcase classname="tests.RandomNumberGeneratorTests" name="RandomNumberGeneratorTest" time="3.318"/>
  <testcase classname="tests.RandomNumberGeneratorTests" name="RandomNumberGeneratorTest" time="1.745"/>
  <testcase classname="tests.RandomNumberGeneratorTests" name="RandomNumberGeneratorTest" time="2.811"/>
  <testcase classname="tests.RandomNumberGeneratorTests" name="RandomNumberGeneratorTest" time="1.953"/>
  <testcase classname="tests.RandomNumberGeneratorTests" name="RandomNumberGeneratorTest" time="1.498"/>
  <testcase classname="tests.RandomNumberGeneratorTests" name="RandomNumberGeneratorTest" time="2.272"/>
  <testcase classname="tests.RandomNumberGeneratorTests" name="RandomNumberGeneratorTest" time="1.345"/>
  <testcase classname="tests.RandomNumberGeneratorTests" name="RandomNumberGeneratorTest" time="1.316"/>
  <testcase classname="tests.RandomNumberGeneratorTests" name="RandomNumberGeneratorTest" time="1.548"/>
  <testcase classname="tests.RandomNumberGeneratorTests" name="RandomNumberGeneratorTest" time="1.614"/>
  <testcase classname="tests.RandomNumberGeneratorTests" name="RandomNumberGeneratorTest" time="1.997"/>
  <testcase classname="tests.RandomNumberGeneratorTests" name="RandomNumberGeneratorTest" time="1.558"/>
  <testcase classname="tests.RandomNumberGeneratorTests" name="RandomNumberGeneratorTest" time="3.290"/>
  <testcase classname="tests.RandomNumberGeneratorTests" name="RandomNumberGeneratorTest" time="1.484"/>
  <testcase classname="tests.RandomNumberGeneratorTests" name="RandomNumberGeneratorTest" time="3.028"/>
  <testcase classname="tests.RandomNumberGeneratorTests" name="RandomNumberGeneratorTest" time="2.666"/>
  <testcase classname="tests.RandomNumberGeneratorTests" name="RandomNumberGeneratorTest" time="1.504"/>
  <testcase classname="tests.RandomNumberGeneratorTests" name="RandomNumberGeneratorTest" time="1.649"/>
  <testcase classname="tests.RandomNumberGeneratorTests" name="RandomNumberGeneratorTest" time="2.616"/>
  <testcase classname="tests.RandomNumberGeneratorTests" name="RandomNumberGeneratorTest" time="2.486"/>
  <testcase classname="tests.RandomNumberGeneratorTests" name="RandomNumberGeneratorTest" time="1.724"/>
  <testcase classname="tests.RandomNumberGeneratorTests" name="RandomNumberGeneratorTest" time="1.429"/>
  <testcase classname="tests.RandomNumberGeneratorTests" name="RandomNumberGeneratorTest" time="2.692"/>
  <testcase classname="tests.RandomNumberGeneratorTests" name="RandomNumberGeneratorTest" time="3.184"/>
  <testcase classname="tests.RandomNumberGeneratorTests" name="RandomNumberGeneratorTest" time="1.995"/>
  <testcase classname="tests.RandomNumberGeneratorTests" name="RandomNumberGeneratorTest" time="2.560"/>
  <testcase classname="tests.RandomNumberGeneratorTests" name="RandomNumberGeneratorTest" time="1.795"/>
  <testcase classname="tests.RandomNumberGeneratorTests" name="RandomNumberGeneratorTest" time="3.458"/>
  <testcase classname="tests.RandomNumberGeneratorTests" name="RandomNumberGeneratorTest" time="2.865"/>
  <testcase classname="tests.RandomNumberGeneratorTests" name="RandomNumberGeneratorTest" time="1.702"/>
  <testcase classname="tests.RandomNumberGeneratorTests" name="RandomNumberGeneratorTest" time="1.230"/>
  <testcase classname="tests.RandomNumberGeneratorTests" name="RandomNumberGeneratorTest" time="2.546"/>
  <testcase classname="tests.RandomNumberGeneratorTests" name="RandomNumberGeneratorTest" time="1.800"/>
  <testcase classname="tests.RandomNumberGeneratorTests" name="RandomNumberGeneratorTest" time="1.562"/>
  <testcase classname="tests.RandomNumberGeneratorTests" name="RandomNumberGeneratorTest" time="1.809"/>
  <testcase classname="tests.RandomNumberGeneratorTests" name="RandomNumberGeneratorTest" time="2.788"/>
  <testcase classname="tests.RandomNumberGeneratorTests" name="RandomNumberGeneratorTest" time="2.078"/>
  <testcase classname="tests.RandomNumberGeneratorTests" name="RandomNumberGeneratorTest" time="3.546"/>
  <testcase classname="tests.RandomNumberGeneratorTests" name="RandomNumberGeneratorTest" time="2.945"/>
  <testcase classname="tests.RandomNumberGeneratorTests" name="RandomNumberGeneratorTest" time="1.527"/>
  <testcase classname="tests.RandomNumberGeneratorTests" name="RandomNumberGeneratorTest" time="1.995"/>
  <testcase classname="tests.RandomNumberGeneratorTests" name="RandomNumberGeneratorTest" time="1.504"/>
  <testcase classname="tests.RandomNumberGeneratorTests" name="RandomNumberGeneratorTest" time="2.095"/>
  <testcase classname="tests.RandomNumberGeneratorTests" name="RandomNumberGeneratorTest" time="1.922"/>
  <testcase classname="tests.RandomNumberGeneratorTests" name="RandomNumberGeneratorTest" time="1.274"/>
  <testcase classname="tests.RandomNumberGeneratorTests" name="RandomNumberGeneratorTest" time="1.609"/>
  <testcase classname="tests.RandomNumberGeneratorTests" name="RandomNumberGeneratorTest" time="1.796"/>
  <testcase classname="tests.RandomNumberGeneratorTests" name="RandomNumberGeneratorTest" time="1.631"/>
  <testcase classname="tests.RandomNumberGeneratorTests" name="RandomNumberGeneratorTest" time="1.534"/>
  <testcase classname="tests.RandomNumberGeneratorTests" name="RandomNumberGeneratorTest" time="2.668"/>
  <testcase classname="tests.RandomNumberGeneratorTests" name="RandomNumberGeneratorTest" time="2.123"/>
  <testcase classname="tests.RandomNumberGeneratorTests" name="RandomNumberGeneratorTest" time="1.551"/>
  <testcase classname="tests.RandomNumberGeneratorTests" name="RandomNumberGeneratorTest" time="1.835"/>
  <testcase classname="tests.RandomNumberGeneratorTests" name="RandomNumberGeneratorTest" time="2.701"/>
  <testcase classname="tests.RandomNumberGeneratorTests" name="RandomNumberGeneratorTest" time="1.595"/>
  <testcase classname="tests.RandomNumberGeneratorTests" name="RandomNumberGeneratorTest" time="1.653"/>
  <testcase classname="tests.RandomNumberGeneratorTests" name="RandomNumberGeneratorTest" time="1.362"/>
  <testcase classname="tests.RandomNumberGeneratorTests" name="RandomNumberGeneratorTest" time="1.676"/>
  <testcase classname="tests.RandomNumberGeneratorTests" name="RandomNumberGeneratorTest" time="2.500"/>
  <testcase classname="tests.RandomNumberGeneratorTests" name="RandomNumberGeneratorTest" time="1.592"/>
  <testcase classname="tests.RandomNumberGeneratorTests" name="RandomNumberGeneratorTest" time="1.659"/>
  <testcase classname="tests.RandomNumberGeneratorTests" name="RandomNumberGeneratorTest" time="1.604"/>
  <testcase classname="tests.RandomNumberGeneratorTests" name="RandomNumberGeneratorTest" time="2.797"/>
  <testcase classname="tests.RandomNumberGeneratorTests" name="RandomNumberGeneratorTest" time="1.807"/>
  <testcase classname="tests.RandomNumberGeneratorTests" name="RandomNumberGeneratorTest" time="1.254"/>
  <testcase classname="tests.RandomNumberGeneratorTests" name="RandomNumberGeneratorTest" time="1.797"/>
  <testcase classname="tests.RandomNumberGeneratorTests" name="RandomNumberGeneratorTest" time="1.636"/>
  <testcase classname="tests.RandomNumberGeneratorTests" name="RandomNumberGeneratorTest" time="1.943"/>
  <testcase classname="tests.RandomNumberGeneratorTests" name="RandomNumberGeneratorTest" time="1.873"/>
  <testcase classname="tests.RandomNumberGeneratorTests" name="RandomNumberGeneratorTest" time="3.882"/>
  <testcase classname="tests.RandomNumberGeneratorTests" name="RandomNumberGeneratorTest" time="1.190"/>
  <testcase classname="tests.RandomNumberGeneratorTests" name="RandomNumberGeneratorTest" time="1.377"/>
  <testcase classname="tests.RandomNumberGeneratorTests" name="RandomNumberGeneratorTest" time="2.007"/>
  <testcase classname="tests.RandomNumberGeneratorTests" name="RandomNumberGeneratorTest" time="1.529"/>
  <testcase classname="tests.RandomNumberGeneratorTests" name="RandomNumberGeneratorTest" time="1.710"/>
  <testcase classname="tests.RandomNumberGeneratorTests" name="RandomNumberGeneratorTest" time="4.139"/>
  <testcase classname="tests.RandomNumberGeneratorTests" name="RandomNumberGeneratorTest" time="2.186"/>
  <testcase classname="tests.RandomNumberGeneratorTests" name="RandomNumberGeneratorTest" time="2.957"/>
  <testcase classname="tests.RandomNumberGeneratorTests" name="RandomNumberGeneratorTest" time="1.719"/>
  <testcase classname="tests.RandomNumberGeneratorTests" name="RandomNumberGeneratorTest" time="1.336"/>
  <testcase classname="tests.RandomNumberGeneratorTests" name="RandomNumberGeneratorTest" time="2.055"/>
  <testcase classname="tests.RandomNumberGeneratorTests" name="RandomNumberGeneratorTest" time="2.741"/>
  <testcase classname="tests.RandomNumberGeneratorTests" name="RandomNumberGeneratorTest" time="1.619"/>
  <testcase classname="tests.RandomNumberGeneratorTests" name="RandomNumberGeneratorTest" time="2.366"/>
  <testcase classname="tests.RandomNumberGeneratorTests" name="RandomNumberGeneratorTest" time="2.240"/>
  <testcase classname="tests.RandomNumberGeneratorTests" name="RandomNumberGeneratorTest" time="3.285"/>
  <testcase classname="tests.RandomNumberGeneratorTests" name="RandomNumberGeneratorTest" time="2.942"/>
  <testcase classname="tests.RandomNumberGeneratorTests" name="RandomNumberGeneratorTest" time="1.892"/>
  <testcase classname="tests.RandomNumberGeneratorTests" name="RandomNumberGeneratorTest" time="2.444"/>
  <testcase classname="tests.RandomNumberGeneratorTests" name="RandomNumberGeneratorTest" time="1.529"/>
  <testcase classname="tests.RandomNumberGeneratorTests" name="RandomNumberGeneratorTest" time="1.377"/>
  <testcase classname="tests.RandomNumberGeneratorTests" name="RandomNumberGeneratorTest" time="1.982"/>
  <testcase classname="tests.RandomNumberGeneratorTests" name="RandomNumberGeneratorTest" time="2.671"/>
  <testcase classname="tests.RandomNumberGeneratorTests" name="RandomNumberGeneratorTest" time="1.809"/>
  <testcase classname="tests.RandomNumberGeneratorTests" name="RandomNumberGeneratorTest" time="3.426"/>
  <testcase classname="tests.RandomNumberGeneratorTests" name="RandomNumberGeneratorTest" time="1.627"/>
  <testcase classname="tests.RandomNumberGeneratorTests" name="RandomNumberGeneratorTest" time="1.803"/>
  <testcase classname="tests.RandomNumberGeneratorTests" name="RandomNumberGeneratorTest" time="1.973"/>
  <testcase classname="tests.RandomNumberGeneratorTests" name="RandomNumberGeneratorTest" time="1.276"/>
  <testcase classname="tests.RandomNumberGeneratorTests" name="RandomNumberGeneratorTest" time="1.751"/>
  <testcase classname="tests.RandomNumberGeneratorTests" name="RandomNumberGeneratorTest" time="1.524"/>
  <testcase classname="tests.RandomNumberGeneratorTests" name="RandomNumberGeneratorTest" time="2.096"/>
  <testcase classname="tests.RandomNumberGeneratorTests" name="RandomNumberGeneratorTest" time="1.972"/>
  <testcase classname="tests.RandomNumberGeneratorTests" name="RandomNumberGeneratorTest" time="1.666"/>
  <testcase classname="tests.RandomNumberGeneratorTests" name="RandomNumberGeneratorTest" time="1.580"/>
  <testcase classname="tests.RandomNumberGeneratorTests" name="RandomNumberGeneratorTest" time="1.639"/>
  <testcase classname="tests.RandomNumberGeneratorTests" name="RandomNumberGeneratorTest" time="1.662"/>
  <testcase classname="tests.RandomNumberGeneratorTests" name="RandomNumberGeneratorTest" time="1.463"/>
  <testcase classname="tests.RandomNumberGeneratorTests" name="RandomNumberGeneratorTest" time="1.687"/>
  <testcase classname="tests.RandomNumberGeneratorTests" name="RandomNumberGeneratorTest" time="2.511"/>
  <testcase classname="tests.RandomNumberGeneratorTests" name="RandomNumberGeneratorTest" time="1.805"/>
  <testcase classname="tests.RandomNumberGeneratorTests" name="RandomNumberGeneratorTest" time="1.264"/>
  <testcase classname="tests.RandomNumberGeneratorTests" name="RandomNumberGeneratorTest" time="1.488"/>
  <testcase classname="tests.RandomNumberGeneratorTests" name="RandomNumberGeneratorTest" time="1.382"/>
  <testcase classname="tests.RandomNumberGeneratorTests" name="RandomNumberGeneratorTest" time="1.746"/>
  <testcase classname="tests.RandomNumberGeneratorTests" name="RandomNumberGeneratorTest" time="2.091"/>
  <testcase classname="tests.RandomNumberGeneratorTests" name="RandomNumberGeneratorTest" time="2.381"/>
  <testcase classname="tests.RandomNumberGeneratorTests" name="RandomNumberGeneratorTest" time="1.646"/>
  <testcase classname="tests.RandomNumberGeneratorTests" name="RandomNumberGeneratorTest" time="1.855"/>
  <testcase classname="tests.RandomNumberGeneratorTests" name="RandomNumberGeneratorTest" time="2.694"/>
  <testcase classname="tests.RandomNumberGeneratorTests" name="RandomNumberGeneratorTest" time="1.211"/>
  <testcase classname="tests.RandomNumberGeneratorTests" name="RandomNumberGeneratorTest" time="2.745"/>
  <testcase classname="tests.RandomNumberGeneratorTests" name="RandomNumberGeneratorTest" time="1.637"/>
  <testcase classname="tests.RandomNumberGeneratorTests" name="RandomNumberGeneratorTest" time="1.751"/>
  <testcase classname="tests.RandomNumberGeneratorTests" name="RandomNumberGeneratorTest" time="4.291"/>
  <testcase classname="tests.RandomNumberGeneratorTests" name="RandomNumberGeneratorTest" time="1.369"/>
  <testcase classname="tests.RandomNumberGeneratorTests" name="RandomNumberGeneratorTest" time="2.584"/>
  <testcase classname="tests.RandomNumberGeneratorTests" name="RandomNumberGeneratorTest" time="1.625"/>
  <testcase classname="tests.RandomNumberGeneratorTests" name="RandomNumberGeneratorTest" time="2.189"/>
  <testcase classname="tests.RandomNumberGeneratorTests" name="RandomNumberGeneratorTest" time="1.842"/>
  <testcase classname="tests.RandomNumberGeneratorTests" name="RandomNumberGeneratorTest" time="1.429"/>
  <testcase classname="tests.RandomNumberGeneratorTests" name="RandomNumberGeneratorTest" time="1.344"/>
  <testcase classname="tests.RandomNumberGeneratorTests" name="RandomNumberGeneratorTest" time="1.318"/>
  <testcase classname="tests.RandomNumberGeneratorTests" name="RandomNumberGeneratorTest" time="2.750"/>
  <testcase classname="tests.RandomNumberGeneratorTests" name="RandomNumberGeneratorTest" time="1.675"/>
  <testcase classname="tests.RandomNumberGeneratorTests" name="RandomNumberGeneratorTest" time="1.746"/>
  <testcase classname="tests.RandomNumberGeneratorTests" name="RandomNumberGeneratorTest" time="1.254"/>
  <testcase classname="tests.RandomNumberGeneratorTests" name="RandomNumberGeneratorTest" time="1.742"/>
  <testcase classname="tests.RandomNumberGeneratorTests" name="RandomNumberGeneratorTest" time="2.101"/>
  <testcase classname="tests.RandomNumberGeneratorTests" name="RandomNumberGeneratorTest" time="2.128"/>
  <testcase classname="tests.RandomNumberGeneratorTests" name="RandomNumberGeneratorTest" time="1.659"/>
  <testcase classname="tests.RandomNumberGeneratorTests" name="RandomNumberGeneratorTest" time="1.550"/>
  <testcase classname="tests.RandomNumberGeneratorTests" name="RandomNumberGeneratorTest" time="1.495"/>
  <testcase classname="tests.RandomNumberGeneratorTests" name="RandomNumberGeneratorTest" time="1.446"/>
  <testcase classname="tests.RandomNumberGeneratorTests" name="RandomNumberGeneratorTest" time="1.847"/>
  <testcase classname="tests.RandomNumberGeneratorTests" name="RandomNumberGeneratorTest" time="3.768"/>
  <testcase classname="tests.RandomNumberGeneratorTests" name="RandomNumberGeneratorTest" time="2.447"/>
  <testcase classname="tests.RandomNumberGeneratorTests" name="RandomNumberGeneratorTest" time="1.969"/>
  <testcase classname="tests.RandomNumberGeneratorTests" name="RandomNumberGeneratorTest" time="1.782"/>
  <testcase classname="tests.RandomNumberGeneratorTests" name="RandomNumberGeneratorTest" time="2.297"/>
  <testcase classname="tests.RandomNumberGeneratorTests" name="RandomNumberGeneratorTest" time="1.963"/>
  <testcase classname="tests.RandomNumberGeneratorTests" name="RandomNumberGeneratorTest" time="1.486"/>
  <testcase classname="tests.RandomNumberGeneratorTests" name="RandomNumberGeneratorTest" time="1.669"/>
  <testcase classname="tests.RandomNumberGeneratorTests" name="RandomNumberGeneratorTest" time="1.192"/>
  <testcase classname="tests.RandomNumberGeneratorTests" name="RandomNumberGeneratorTest" time="2.521"/>
  <testcase classname="tests.RandomNumberGeneratorTests" name="RandomNumberGeneratorTest" time="1.293"/>
  <testcase classname="tests.RandomNumberGeneratorTests" name="RandomNumberGeneratorTest" time="1.712"/>
  <testcase classname="tests.RandomNumberGeneratorTests" name="RandomNumberGeneratorTest" time="1.741"/>
  <testcase classname="tests.RandomNumberGeneratorTests" name="RandomNumberGeneratorTest" time="1.443"/>
  <testcase classname="tests.RandomNumberGeneratorTests" name="RandomNumberGeneratorTest" time="4.000"/>
  <testcase classname="tests.RandomNumberGeneratorTests" name="RandomNumberGeneratorTest" time="2.025"/>
  <testcase classname="tests.RandomNumberGeneratorTests" name="RandomNumberGeneratorTest" time="1.480"/>
  <testcase classname="tests.RandomNumberGeneratorTests" name="RandomNumberGeneratorTest" time="1.692"/>
  <testcase classname="tests.RandomNumberGeneratorTests" name="RandomNumberGeneratorTest" time="2.770"/>
  <testcase classname="tests.RandomNumberGeneratorTests" name="RandomNumberGeneratorTest" time="1.777"/>
  <testcase classname="tests.RandomNumberGeneratorTests" name="RandomNumberGeneratorTest" time="1.595"/>
  <testcase classname="tests.RandomNumberGeneratorTests" name="RandomNumberGeneratorTest" time="1.466"/>
  <testcase classname="tests.RandomNumberGeneratorTests" name="RandomNumberGeneratorTest" time="3.067"/>
  <testcase classname="tests.RandomNumberGeneratorTests" name="RandomNumberGeneratorTest" time="1.269"/>
  <testcase classname="tests.RandomNumberGeneratorTests" name="RandomNumberGeneratorTest" time="2.968"/>
  <testcase classname="tests.RandomNumberGeneratorTests" name="RandomNumberGeneratorTest" time="1.968"/>
  <testcase classname="tests.RandomNumberGeneratorTests" name="RandomNumberGeneratorTest" time="1.315"/>
  <testcase classname="tests.RandomNumberGeneratorTests" name="RandomNumberGeneratorTest" time="1.342"/>
  <testcase classname="tests.RandomNumberGeneratorTests" name="RandomNumberGeneratorTest" time="1.587"/>
  <testcase classname="tests.RandomNumberGeneratorTests" name="RandomNumberGeneratorTest" time="1.773"/>
  <testcase classname="tests.RandomNumberGeneratorTests" name="RandomNumberGeneratorTest" time="1.392"/>
  <testcase classname="tests.RandomNumberGeneratorTests" name="RandomNumberGeneratorTest" time="1.990"/>
  <testcase classname="tests.RandomNumberGeneratorTests" name="RandomNumberGeneratorTest" time="1.478"/>
  <testcase classname="tests.RandomNumberGeneratorTests" name="RandomNumberGeneratorTest" time="1.304"/>
  <testcase classname="tests.RandomNumberGeneratorTests" name="RandomNumberGeneratorTest" time="2.055"/>
  <testcase classname="tests.RandomNumberGeneratorTests" name="RandomNumberGeneratorTest" time="2.482"/>
  <testcase classname="tests.RandomNumberGeneratorTests" name="RandomNumberGeneratorTest" time="2.395"/>
  <testcase classname="tests.RandomNumberGeneratorTests" name="RandomNumberGeneratorTest" time="1.313"/>
  <testcase classname="tests.RandomNumberGeneratorTests" name="RandomNumberGeneratorTest" time="2.911"/>
  <testcase classname="tests.RandomNumberGeneratorTests" name="RandomNumberGeneratorTest" time="1.696"/>
  <testcase classname="tests.RandomNumberGeneratorTests" name="RandomNumberGeneratorTest" time="1.364"/>
  <testcase classname="tests.RandomNumberGeneratorTests" name="RandomNumberGeneratorTest" time="3.440"/>
  <testcase classname="tests.RandomNumberGeneratorTests" name="RandomNumberGeneratorTest" time="2.623"/>
  <testcase classname="tests.RandomNumberGeneratorTests" name="RandomNumberGeneratorTest" time="1.448"/>
  <testcase classname="tests.RandomNumberGeneratorTests" name="RandomNumberGeneratorTest" time="3.241"/>
  <testcase classname="tests.RandomNumberGeneratorTests" name="RandomNumberGeneratorTest" time="2.177"/>
  <testcase classname="tests.RandomNumberGeneratorTests" name="RandomNumberGeneratorTest" time="4.284"/>
  <testcase classname="tests.RandomNumberGeneratorTests" name="RandomNumberGeneratorTest" time="1.954"/>
  <testcase classname="tests.RandomNumberGeneratorTests" name="RandomNumberGeneratorTest" time="1.224"/>
  <testcase classname="tests.RandomNumberGeneratorTests" name="RandomNumberGeneratorTest" time="1.520"/>
  <testcase classname="tests.RandomNumberGeneratorTests" name="RandomNumberGeneratorTest" time="2.103"/>
  <testcase classname="tests.RandomNumberGeneratorTests" name="RandomNumberGeneratorTest" time="1.754"/>
  <testcase classname="tests.RandomNumberGeneratorTests" name="RandomNumberGeneratorTest" time="1.756"/>
  <testcase classname="tests.RandomNumberGeneratorTests" name="RandomNumberGeneratorTest" time="1.351"/>
  <testcase classname="tests.RandomNumberGeneratorTests" name="RandomNumberGeneratorTest" time="1.626"/>
  <testcase classname="tests.RandomNumberGeneratorTests" name="RandomNumberGeneratorTest" time="2.808"/>
  <testcase classname="tests.RandomNumberGeneratorTests" name="RandomNumberGeneratorTest" time="1.290"/>
  <testcase classname="tests.RandomNumberGeneratorTests" name="RandomNumberGeneratorTest" time="2.361"/>
  <testcase classname="tests.RandomNumberGeneratorTests" name="RandomNumberGeneratorTest" time="3.393"/>
  <testcase classname="tests.RandomNumberGeneratorTests" name="RandomNumberGeneratorTest" time="1.482"/>
  <testcase classname="tests.RandomNumberGeneratorTests" name="RandomNumberGeneratorTest" time="1.355"/>
  <testcase classname="tests.RandomNumberGeneratorTests" name="RandomNumberGeneratorTest" time="3.054"/>
  <testcase classname="tests.RandomNumberGeneratorTests" name="RandomNumberGeneratorTest" time="2.009"/>
  <testcase classname="tests.RandomNumberGeneratorTests" name="RandomNumberGeneratorTest" time="1.404"/>
  <testcase classname="tests.RandomNumberGeneratorTests" name="RandomNumberGeneratorTest" time="1.901"/>
  <testcase classname="tests.RandomNumberGeneratorTests" name="RandomNumberGeneratorTest" time="1.895"/>
  <testcase classname="tests.RandomNumberGeneratorTests" name="RandomNumberGeneratorTest" time="2.133"/>
  <testcase classname="tests.RandomNumberGeneratorTests" name="RandomNumberGeneratorTest" time="1.652"/>
  <testcase classname="tests.RandomNumberGeneratorTests" name="RandomNumberGeneratorTest" time="1.300"/>
  <testcase classname="tests.RandomNumberGeneratorTests" name="RandomNumberGeneratorTest" time="1.464"/>
  <testcase classname="tests.RandomNumberGeneratorTests" name="RandomNumberGeneratorTest" time="1.368"/>
  <testcase classname="tests.RandomNumberGeneratorTests" name="RandomNumberGeneratorTest" time="1.418"/>
  <testcase classname="tests.RandomNumberGeneratorTests" name="RandomNumberGeneratorTest" time="2.615"/>
  <testcase classname="tests.RandomNumberGeneratorTests" name="RandomNumberGeneratorTest" time="3.405"/>
  <testcase classname="tests.RandomNumberGeneratorTests" name="RandomNumberGeneratorTest" time="1.244"/>
  <testcase classname="tests.RandomNumberGeneratorTests" name="RandomNumberGeneratorTest" time="1.284"/>
  <testcase classname="tests.RandomNumberGeneratorTests" name="RandomNumberGeneratorTest" time="1.649"/>
  <testcase classname="tests.RandomNumberGeneratorTests" name="RandomNumberGeneratorTest" time="1.743"/>
  <testcase classname="tests.RandomNumberGeneratorTests" name="RandomNumberGeneratorTest" time="1.581"/>
  <testcase classname="tests.RandomNumberGeneratorTests" name="RandomNumberGeneratorTest" time="1.427"/>
  <testcase classname="tests.RandomNumberGeneratorTests" name="RandomNumberGeneratorTest" time="1.493"/>
  <testcase classname="tests.RandomNumberGeneratorTests" name="RandomNumberGeneratorTest" time="3.343"/>
  <testcase classname="tests.RandomNumberGeneratorTests" name="RandomNumberGeneratorTest" time="1.427"/>
  <testcase classname="tests.RandomNumberGeneratorTests" name="RandomNumberGeneratorTest" time="1.557"/>
  <testcase classname="tests.RandomNumberGeneratorTests" name="RandomNumberGeneratorTest" time="1.488"/>
  <testcase classname="tests.RandomNumberGeneratorTests" name="RandomNumberGeneratorTest" time="2.552"/>
  <testcase classname="tests.RandomNumberGeneratorTests" name="RandomNumberGeneratorTest" time="3.202"/>
  <testcase classname="tests.RandomNumberGeneratorTests" name="RandomNumberGeneratorTest" time="1.702"/>
  <testcase classname="tests.RandomNumberGeneratorTests" name="RandomNumberGeneratorTest" time="1.691"/>
  <testcase classname="tests.RandomNumberGeneratorTests" name="RandomNumberGeneratorTest" time="2.520"/>
  <testcase classname="tests.RandomNumberGeneratorTests" name="RandomNumberGeneratorTest" time="1.844"/>
  <testcase classname="tests.RandomNumberGeneratorTests" name="RandomNumberGeneratorTest" time="1.884"/>
  <testcase classname="tests.RandomNumberGeneratorTests" name="RandomNumberGeneratorTest" time="1.613"/>
  <testcase classname="tests.RandomNumberGeneratorTests" name="RandomNumberGeneratorTest" time="1.541"/>
  <testcase classname="tests.RandomNumberGeneratorTests" name="RandomNumberGeneratorTest" time="1.446"/>
  <testcase classname="tests.RandomNumberGeneratorTests" name="RandomNumberGeneratorTest" time="2.800"/>
  <testcase classname="tests.RandomNumberGeneratorTests" name="RandomNumberGeneratorTest" time="2.278"/>
  <testcase classname="tests.RandomNumberGeneratorTests" name="RandomNumberGeneratorTest" time="2.452"/>
  <testcase classname="tests.RandomNumberGeneratorTests" name="RandomNumberGeneratorTest" time="2.708"/>
  <testcase classname="tests.RandomNumberGeneratorTests" name="RandomNumberGeneratorTest" time="1.941"/>
  <testcase classname="tests.RandomNumberGeneratorTests" name="RandomNumberGeneratorTest" time="2.401"/>
  <testcase classname="tests.RandomNumberGeneratorTests" name="RandomNumberGeneratorTest" time="1.366"/>
  <testcase classname="tests.RandomNumberGeneratorTests" name="RandomNumberGeneratorTest" time="1.932"/>
  <testcase classname="tests.RandomNumberGeneratorTests" name="RandomNumberGeneratorTest" time="1.858"/>
  <testcase classname="tests.RandomNumberGeneratorTests" name="RandomNumberGeneratorTest" time="1.336"/>
  <testcase classname="tests.RandomNumberGeneratorTests" name="RandomNumberGeneratorTest" time="2.399"/>
  <testcase classname="tests.RandomNumberGeneratorTests" name="RandomNumberGeneratorTest" time="1.357"/>
  <testcase classname="tests.RandomNumberGeneratorTests" name="RandomNumberGeneratorTest" time="1.886"/>
  <testcase classname="tests.RandomNumberGeneratorTests" name="RandomNumberGeneratorTest" time="3.266"/>
  <testcase classname="tests.RandomNumberGeneratorTests" name="RandomNumberGeneratorTest" time="1.931"/>
  <testcase classname="tests.RandomNumberGeneratorTests" name="RandomNumberGeneratorTest" time="1.716"/>
  <testcase classname="tests.RandomNumberGeneratorTests" name="RandomNumberGeneratorTest" time="2.053"/>
  <testcase classname="tests.RandomNumberGeneratorTests" name="RandomNumberGeneratorTest" time="1.479"/>
  <testcase classname="tests.RandomNumberGeneratorTests" name="RandomNumberGeneratorTest" time="1.897"/>
  <testcase classname="tests.RandomNumberGeneratorTests" name="RandomNumberGeneratorTest" time="2.873"/>
  <testcase classname="tests.RandomNumberGeneratorTests" name="RandomNumberGeneratorTest" time="1.328"/>
  <testcase classname="tests.RandomNumberGeneratorTests" name="RandomNumberGeneratorTest" time="1.655"/>
  <testcase classname="tests.RandomNumberGeneratorTests" name="RandomNumberGeneratorTest" time="1.533"/>
  <testcase classname="tests.RandomNumberGeneratorTests" name="RandomNumberGeneratorTest" time="2.503"/>
  <testcase classname="tests.RandomNumberGeneratorTests" name="RandomNumberGeneratorTest" time="2.088"/>
  <testcase classname="tests.RandomNumberGeneratorTests" name="RandomNumberGeneratorTest" time="3.567"/>
  <testcase classname="tests.RandomNumberGeneratorTests" name="RandomNumberGeneratorTest" time="1.599"/>
  <testcase classname="tests.RandomNumberGeneratorTests" name="RandomNumberGeneratorTest" time="3.596"/>
  <testcase classname="tests.RandomNumberGeneratorTests" name="RandomNumberGeneratorTest" time="2.022"/>
  <testcase classname="tests.RandomNumberGeneratorTests" name="RandomNumberGeneratorTest" time="1.854"/>
  <testcase classname="tests.RandomNumberGeneratorTests" name="RandomNumberGeneratorTest" time="1.534"/>
  <testcase classname="tests.RandomNumberGeneratorTests" name="RandomNumberGeneratorTest" time="2.870"/>
  <testcase classname="tests.RandomNumberGeneratorTests" name="RandomNumberGeneratorTest" time="1.859"/>
  <testcase classname="tests.RandomNumberGeneratorTests" name="RandomNumberGeneratorTest" time="1.178"/>
  <testcase classname="tests.RandomNumberGeneratorTests" name="RandomNumberGeneratorTest" time="1.247"/>
  <testcase classname="tests.RandomNumberGeneratorTests" name="RandomNumberGeneratorTest" time="1.974"/>
  <testcase classname="tests.RandomNumberGeneratorTests" name="RandomNumberGeneratorTest" time="1.881"/>
  <testcase classname="tests.RandomNumberGeneratorTests" name="RandomNumberGeneratorTest" time="1.656"/>
  <testcase classname="tests.RandomNumberGeneratorTests" name="RandomNumberGeneratorTest" time="1.832"/>
  <testcase classname="tests.RandomNumberGeneratorTests" name="RandomNumberGeneratorTest" time="1.664"/>
</testsuite> <!-- tests.RandomNumberGeneratorTests -->
